# Start monitoring : /import/bc2/home/guest/zoo/fields/falcon-install/fc_env/bin/python /import/bc2/home/guest/zoo/fields/falcon-install/fc_env/bin/fc_run.py fc_run_dmagna_short.cfg
#
# System memory total  [MB]: 2068021
# - available at start [MB]: 1912681
# System swap total    [MB]: 0
# - free swap at start [MB]: 0
#
time(s):0.0 sum_rss(MB):6350.0 sum_vms(MB):8485.5 numproc:13 numthreads:33 mem_avail(MB/%):1912677/92.5% swap_avail(MB/%):0/100.0%
time(s):10.5 sum_rss(MB):4951.2 sum_vms(MB):6782.2 numproc:11 numthreads:26 mem_avail(MB/%):1914260/92.6% swap_avail(MB/%):0/100.0%
time(s):20.9 sum_rss(MB):4286.1 sum_vms(MB):5759.7 numproc:10 numthreads:26 mem_avail(MB/%):1915943/92.6% swap_avail(MB/%):0/100.0%
time(s):31.3 sum_rss(MB):5694.3 sum_vms(MB):7573.2 numproc:13 numthreads:33 mem_avail(MB/%):1915099/92.6% swap_avail(MB/%):0/100.0%
time(s):41.7 sum_rss(MB):6489.6 sum_vms(MB):8625.6 numproc:13 numthreads:31 mem_avail(MB/%):1914238/92.6% swap_avail(MB/%):0/100.0%
time(s):52.1 sum_rss(MB):6075.2 sum_vms(MB):8213.8 numproc:13 numthreads:33 mem_avail(MB/%):1914952/92.6% swap_avail(MB/%):0/100.0%
time(s):62.5 sum_rss(MB):6355.4 sum_vms(MB):8483.0 numproc:13 numthreads:33 mem_avail(MB/%):1916983/92.7% swap_avail(MB/%):0/100.0%
time(s):72.9 sum_rss(MB):6488.3 sum_vms(MB):8618.8 numproc:13 numthreads:30 mem_avail(MB/%):1914326/92.6% swap_avail(MB/%):0/100.0%
time(s):83.4 sum_rss(MB):4792.5 sum_vms(MB):6511.6 numproc:10 numthreads:26 mem_avail(MB/%):1916256/92.7% swap_avail(MB/%):0/100.0%
time(s):93.9 sum_rss(MB):4195.7 sum_vms(MB):5773.4 numproc:11 numthreads:23 mem_avail(MB/%):1914913/92.6% swap_avail(MB/%):0/100.0%
time(s):104.4 sum_rss(MB):4828.2 sum_vms(MB):6555.2 numproc:10 numthreads:23 mem_avail(MB/%):1915656/92.6% swap_avail(MB/%):0/100.0%
time(s):114.8 sum_rss(MB):6020.8 sum_vms(MB):8149.3 numproc:13 numthreads:30 mem_avail(MB/%):1913574/92.5% swap_avail(MB/%):0/100.0%
time(s):125.2 sum_rss(MB):5829.4 sum_vms(MB):7963.3 numproc:13 numthreads:33 mem_avail(MB/%):1913271/92.5% swap_avail(MB/%):0/100.0%
time(s):135.6 sum_rss(MB):6400.5 sum_vms(MB):8529.7 numproc:13 numthreads:30 mem_avail(MB/%):1912692/92.5% swap_avail(MB/%):0/100.0%
time(s):146.1 sum_rss(MB):6034.8 sum_vms(MB):8156.1 numproc:13 numthreads:32 mem_avail(MB/%):1913147/92.5% swap_avail(MB/%):0/100.0%
time(s):156.5 sum_rss(MB):2990.3 sum_vms(MB):4301.6 numproc:7 numthreads:18 mem_avail(MB/%):1915944/92.6% swap_avail(MB/%):0/100.0%
time(s):166.9 sum_rss(MB):5731.4 sum_vms(MB):7400.5 numproc:13 numthreads:31 mem_avail(MB/%):1914735/92.6% swap_avail(MB/%):0/100.0%
time(s):177.3 sum_rss(MB):6049.3 sum_vms(MB):8184.9 numproc:13 numthreads:33 mem_avail(MB/%):1915238/92.6% swap_avail(MB/%):0/100.0%
time(s):187.7 sum_rss(MB):6020.3 sum_vms(MB):8152.1 numproc:13 numthreads:33 mem_avail(MB/%):1916525/92.7% swap_avail(MB/%):0/100.0%
time(s):198.2 sum_rss(MB):6525.7 sum_vms(MB):8664.6 numproc:13 numthreads:33 mem_avail(MB/%):1913062/92.5% swap_avail(MB/%):0/100.0%
time(s):208.6 sum_rss(MB):6172.7 sum_vms(MB):8296.7 numproc:13 numthreads:29 mem_avail(MB/%):1914412/92.6% swap_avail(MB/%):0/100.0%
time(s):219.0 sum_rss(MB):3271.5 sum_vms(MB):4583.0 numproc:7 numthreads:17 mem_avail(MB/%):1918879/92.8% swap_avail(MB/%):0/100.0%
time(s):229.4 sum_rss(MB):6122.4 sum_vms(MB):7997.4 numproc:13 numthreads:33 mem_avail(MB/%):1912929/92.5% swap_avail(MB/%):0/100.0%
time(s):239.8 sum_rss(MB):6380.2 sum_vms(MB):8519.5 numproc:13 numthreads:31 mem_avail(MB/%):1914136/92.6% swap_avail(MB/%):0/100.0%
time(s):250.3 sum_rss(MB):6290.9 sum_vms(MB):8416.1 numproc:13 numthreads:31 mem_avail(MB/%):1912856/92.5% swap_avail(MB/%):0/100.0%
time(s):260.8 sum_rss(MB):5981.7 sum_vms(MB):8105.3 numproc:13 numthreads:33 mem_avail(MB/%):1912845/92.5% swap_avail(MB/%):0/100.0%
time(s):271.2 sum_rss(MB):4927.6 sum_vms(MB):6759.6 numproc:11 numthreads:27 mem_avail(MB/%):1914140/92.6% swap_avail(MB/%):0/100.0%
time(s):281.6 sum_rss(MB):3834.6 sum_vms(MB):5759.6 numproc:10 numthreads:26 mem_avail(MB/%):1915276/92.6% swap_avail(MB/%):0/100.0%
time(s):292.1 sum_rss(MB):5717.5 sum_vms(MB):7595.6 numproc:13 numthreads:33 mem_avail(MB/%):1914999/92.6% swap_avail(MB/%):0/100.0%
time(s):302.6 sum_rss(MB):6503.0 sum_vms(MB):8639.1 numproc:13 numthreads:33 mem_avail(MB/%):1912703/92.5% swap_avail(MB/%):0/100.0%
time(s):313.0 sum_rss(MB):4548.0 sum_vms(MB):6795.5 numproc:11 numthreads:26 mem_avail(MB/%):1914419/92.6% swap_avail(MB/%):0/100.0%
time(s):323.5 sum_rss(MB):4858.5 sum_vms(MB):6576.8 numproc:10 numthreads:25 mem_avail(MB/%):1917105/92.7% swap_avail(MB/%):0/100.0%
time(s):334.0 sum_rss(MB):6390.1 sum_vms(MB):8269.7 numproc:13 numthreads:33 mem_avail(MB/%):1914697/92.6% swap_avail(MB/%):0/100.0%
time(s):344.4 sum_rss(MB):4896.0 sum_vms(MB):6628.2 numproc:10 numthreads:23 mem_avail(MB/%):1917228/92.7% swap_avail(MB/%):0/100.0%
time(s):354.8 sum_rss(MB):6280.5 sum_vms(MB):8159.1 numproc:13 numthreads:33 mem_avail(MB/%):1914293/92.6% swap_avail(MB/%):0/100.0%
time(s):365.2 sum_rss(MB):6387.4 sum_vms(MB):8517.2 numproc:13 numthreads:29 mem_avail(MB/%):1912508/92.5% swap_avail(MB/%):0/100.0%
time(s):375.6 sum_rss(MB):4861.1 sum_vms(MB):6577.1 numproc:10 numthreads:25 mem_avail(MB/%):1915678/92.6% swap_avail(MB/%):0/100.0%
time(s):386.0 sum_rss(MB):6257.7 sum_vms(MB):8139.8 numproc:13 numthreads:33 mem_avail(MB/%):1913518/92.5% swap_avail(MB/%):0/100.0%
time(s):396.4 sum_rss(MB):6369.7 sum_vms(MB):8500.6 numproc:13 numthreads:33 mem_avail(MB/%):1912537/92.5% swap_avail(MB/%):0/100.0%
time(s):406.8 sum_rss(MB):6416.5 sum_vms(MB):8542.8 numproc:13 numthreads:33 mem_avail(MB/%):1913915/92.5% swap_avail(MB/%):0/100.0%
time(s):417.1 sum_rss(MB):6393.0 sum_vms(MB):8517.3 numproc:13 numthreads:33 mem_avail(MB/%):1912909/92.5% swap_avail(MB/%):0/100.0%
time(s):427.5 sum_rss(MB):6343.1 sum_vms(MB):8506.7 numproc:13 numthreads:33 mem_avail(MB/%):1912371/92.5% swap_avail(MB/%):0/100.0%
time(s):437.9 sum_rss(MB):4982.6 sum_vms(MB):6813.1 numproc:11 numthreads:21 mem_avail(MB/%):1913904/92.5% swap_avail(MB/%):0/100.0%
time(s):448.2 sum_rss(MB):4182.6 sum_vms(MB):5752.0 numproc:11 numthreads:27 mem_avail(MB/%):1916727/92.7% swap_avail(MB/%):0/100.0%
time(s):458.6 sum_rss(MB):4845.9 sum_vms(MB):6570.7 numproc:10 numthreads:25 mem_avail(MB/%):1916106/92.7% swap_avail(MB/%):0/100.0%
time(s):469.0 sum_rss(MB):6373.1 sum_vms(MB):8512.4 numproc:13 numthreads:33 mem_avail(MB/%):1914880/92.6% swap_avail(MB/%):0/100.0%
time(s):479.4 sum_rss(MB):6090.9 sum_vms(MB):7979.5 numproc:13 numthreads:33 mem_avail(MB/%):1915909/92.6% swap_avail(MB/%):0/100.0%
time(s):489.8 sum_rss(MB):6374.7 sum_vms(MB):8509.3 numproc:13 numthreads:33 mem_avail(MB/%):1913784/92.5% swap_avail(MB/%):0/100.0%
time(s):500.2 sum_rss(MB):4977.1 sum_vms(MB):6700.1 numproc:10 numthreads:25 mem_avail(MB/%):1914029/92.6% swap_avail(MB/%):0/100.0%
time(s):510.6 sum_rss(MB):6498.4 sum_vms(MB):8376.6 numproc:13 numthreads:30 mem_avail(MB/%):1913883/92.5% swap_avail(MB/%):0/100.0%
time(s):521.1 sum_rss(MB):6421.6 sum_vms(MB):8555.9 numproc:13 numthreads:33 mem_avail(MB/%):1912479/92.5% swap_avail(MB/%):0/100.0%
time(s):531.4 sum_rss(MB):6533.9 sum_vms(MB):8668.7 numproc:13 numthreads:33 mem_avail(MB/%):1912236/92.5% swap_avail(MB/%):0/100.0%
time(s):541.8 sum_rss(MB):6392.7 sum_vms(MB):8517.3 numproc:13 numthreads:33 mem_avail(MB/%):1912377/92.5% swap_avail(MB/%):0/100.0%
time(s):552.2 sum_rss(MB):6557.0 sum_vms(MB):8685.9 numproc:13 numthreads:33 mem_avail(MB/%):1912660/92.5% swap_avail(MB/%):0/100.0%
time(s):562.5 sum_rss(MB):6559.1 sum_vms(MB):8688.0 numproc:13 numthreads:28 mem_avail(MB/%):1914026/92.6% swap_avail(MB/%):0/100.0%
time(s):572.8 sum_rss(MB):4857.5 sum_vms(MB):6573.2 numproc:10 numthreads:25 mem_avail(MB/%):1916422/92.7% swap_avail(MB/%):0/100.0%
time(s):583.2 sum_rss(MB):4852.5 sum_vms(MB):6372.0 numproc:10 numthreads:24 mem_avail(MB/%):1915965/92.6% swap_avail(MB/%):0/100.0%
time(s):593.5 sum_rss(MB):6716.8 sum_vms(MB):8601.0 numproc:13 numthreads:31 mem_avail(MB/%):1914873/92.6% swap_avail(MB/%):0/100.0%
time(s):604.0 sum_rss(MB):6409.8 sum_vms(MB):8541.3 numproc:13 numthreads:33 mem_avail(MB/%):1914686/92.6% swap_avail(MB/%):0/100.0%
time(s):614.3 sum_rss(MB):4877.3 sum_vms(MB):6592.1 numproc:10 numthreads:25 mem_avail(MB/%):1918716/92.8% swap_avail(MB/%):0/100.0%
time(s):624.7 sum_rss(MB):6041.2 sum_vms(MB):7917.7 numproc:13 numthreads:31 mem_avail(MB/%):1914969/92.6% swap_avail(MB/%):0/100.0%
time(s):635.1 sum_rss(MB):6217.6 sum_vms(MB):8354.9 numproc:13 numthreads:32 mem_avail(MB/%):1912373/92.5% swap_avail(MB/%):0/100.0%
time(s):645.5 sum_rss(MB):4882.5 sum_vms(MB):6597.5 numproc:10 numthreads:25 mem_avail(MB/%):1913929/92.5% swap_avail(MB/%):0/100.0%
time(s):655.9 sum_rss(MB):4895.7 sum_vms(MB):6623.2 numproc:10 numthreads:26 mem_avail(MB/%):1913932/92.5% swap_avail(MB/%):0/100.0%
time(s):666.3 sum_rss(MB):6278.5 sum_vms(MB):8162.9 numproc:13 numthreads:32 mem_avail(MB/%):1912563/92.5% swap_avail(MB/%):0/100.0%
time(s):676.7 sum_rss(MB):6432.3 sum_vms(MB):8563.1 numproc:13 numthreads:33 mem_avail(MB/%):1912541/92.5% swap_avail(MB/%):0/100.0%
time(s):687.0 sum_rss(MB):6660.4 sum_vms(MB):8791.5 numproc:13 numthreads:33 mem_avail(MB/%):1912245/92.5% swap_avail(MB/%):0/100.0%
time(s):697.4 sum_rss(MB):6437.5 sum_vms(MB):8563.6 numproc:13 numthreads:33 mem_avail(MB/%):1912544/92.5% swap_avail(MB/%):0/100.0%
time(s):707.8 sum_rss(MB):5013.1 sum_vms(MB):6740.3 numproc:10 numthreads:26 mem_avail(MB/%):1916640/92.7% swap_avail(MB/%):0/100.0%
time(s):718.1 sum_rss(MB):5770.9 sum_vms(MB):7641.7 numproc:13 numthreads:33 mem_avail(MB/%):1913094/92.5% swap_avail(MB/%):0/100.0%
time(s):728.5 sum_rss(MB):4898.4 sum_vms(MB):6619.8 numproc:10 numthreads:26 mem_avail(MB/%):1915548/92.6% swap_avail(MB/%):0/100.0%
time(s):738.9 sum_rss(MB):6374.2 sum_vms(MB):8255.2 numproc:13 numthreads:31 mem_avail(MB/%):1915638/92.6% swap_avail(MB/%):0/100.0%
time(s):749.3 sum_rss(MB):6429.2 sum_vms(MB):8561.7 numproc:13 numthreads:33 mem_avail(MB/%):1912420/92.5% swap_avail(MB/%):0/100.0%
time(s):759.7 sum_rss(MB):6405.0 sum_vms(MB):8539.8 numproc:13 numthreads:29 mem_avail(MB/%):1913222/92.5% swap_avail(MB/%):0/100.0%
time(s):770.1 sum_rss(MB):6414.1 sum_vms(MB):8546.1 numproc:13 numthreads:33 mem_avail(MB/%):1914607/92.6% swap_avail(MB/%):0/100.0%
time(s):780.5 sum_rss(MB):6417.6 sum_vms(MB):8542.8 numproc:13 numthreads:31 mem_avail(MB/%):1914174/92.6% swap_avail(MB/%):0/100.0%
time(s):790.8 sum_rss(MB):6411.0 sum_vms(MB):8534.9 numproc:13 numthreads:31 mem_avail(MB/%):1913392/92.5% swap_avail(MB/%):0/100.0%
time(s):801.2 sum_rss(MB):4847.1 sum_vms(MB):6566.6 numproc:10 numthreads:25 mem_avail(MB/%):1914034/92.6% swap_avail(MB/%):0/100.0%
time(s):811.6 sum_rss(MB):4945.4 sum_vms(MB):6420.9 numproc:10 numthreads:26 mem_avail(MB/%):1913955/92.6% swap_avail(MB/%):0/100.0%
time(s):822.0 sum_rss(MB):6233.6 sum_vms(MB):8117.5 numproc:13 numthreads:33 mem_avail(MB/%):1912744/92.5% swap_avail(MB/%):0/100.0%
time(s):832.4 sum_rss(MB):6399.8 sum_vms(MB):8532.8 numproc:13 numthreads:33 mem_avail(MB/%):1912932/92.5% swap_avail(MB/%):0/100.0%
time(s):842.8 sum_rss(MB):4947.6 sum_vms(MB):6676.0 numproc:10 numthreads:26 mem_avail(MB/%):1918404/92.8% swap_avail(MB/%):0/100.0%
time(s):853.1 sum_rss(MB):3332.1 sum_vms(MB):4645.0 numproc:7 numthreads:18 mem_avail(MB/%):1917245/92.7% swap_avail(MB/%):0/100.0%
time(s):863.6 sum_rss(MB):6412.2 sum_vms(MB):8291.2 numproc:13 numthreads:33 mem_avail(MB/%):1912523/92.5% swap_avail(MB/%):0/100.0%
time(s):873.9 sum_rss(MB):6557.1 sum_vms(MB):8695.9 numproc:13 numthreads:33 mem_avail(MB/%):1915315/92.6% swap_avail(MB/%):0/100.0%
time(s):884.3 sum_rss(MB):6384.7 sum_vms(MB):8508.2 numproc:13 numthreads:33 mem_avail(MB/%):1913943/92.5% swap_avail(MB/%):0/100.0%
time(s):894.7 sum_rss(MB):6514.4 sum_vms(MB):8644.2 numproc:13 numthreads:33 mem_avail(MB/%):1912204/92.5% swap_avail(MB/%):0/100.0%
time(s):905.1 sum_rss(MB):6590.8 sum_vms(MB):8824.0 numproc:13 numthreads:33 mem_avail(MB/%):1912150/92.5% swap_avail(MB/%):0/100.0%
time(s):915.5 sum_rss(MB):6379.1 sum_vms(MB):8508.0 numproc:13 numthreads:33 mem_avail(MB/%):1913191/92.5% swap_avail(MB/%):0/100.0%
time(s):925.9 sum_rss(MB):6415.5 sum_vms(MB):8538.4 numproc:13 numthreads:33 mem_avail(MB/%):1914009/92.6% swap_avail(MB/%):0/100.0%
time(s):936.3 sum_rss(MB):4828.3 sum_vms(MB):6556.7 numproc:10 numthreads:20 mem_avail(MB/%):1914201/92.6% swap_avail(MB/%):0/100.0%
time(s):946.7 sum_rss(MB):5563.7 sum_vms(MB):7574.2 numproc:13 numthreads:31 mem_avail(MB/%):1913086/92.5% swap_avail(MB/%):0/100.0%
time(s):957.0 sum_rss(MB):5971.1 sum_vms(MB):8101.9 numproc:13 numthreads:33 mem_avail(MB/%):1913125/92.5% swap_avail(MB/%):0/100.0%
time(s):967.4 sum_rss(MB):3433.3 sum_vms(MB):4753.6 numproc:7 numthreads:18 mem_avail(MB/%):1915300/92.6% swap_avail(MB/%):0/100.0%
time(s):977.8 sum_rss(MB):3500.1 sum_vms(MB):4819.7 numproc:11 numthreads:27 mem_avail(MB/%):1915147/92.6% swap_avail(MB/%):0/100.0%
time(s):988.1 sum_rss(MB):4917.2 sum_vms(MB):6651.8 numproc:10 numthreads:24 mem_avail(MB/%):1915647/92.6% swap_avail(MB/%):0/100.0%
time(s):998.5 sum_rss(MB):6481.4 sum_vms(MB):8623.1 numproc:13 numthreads:32 mem_avail(MB/%):1914403/92.6% swap_avail(MB/%):0/100.0%
time(s):1008.9 sum_rss(MB):6577.5 sum_vms(MB):8714.1 numproc:13 numthreads:33 mem_avail(MB/%):1915131/92.6% swap_avail(MB/%):0/100.0%
time(s):1019.3 sum_rss(MB):6570.4 sum_vms(MB):8706.9 numproc:13 numthreads:33 mem_avail(MB/%):1912866/92.5% swap_avail(MB/%):0/100.0%
time(s):1029.7 sum_rss(MB):6578.5 sum_vms(MB):8707.7 numproc:13 numthreads:30 mem_avail(MB/%):1913918/92.5% swap_avail(MB/%):0/100.0%
time(s):1040.1 sum_rss(MB):6335.4 sum_vms(MB):8585.1 numproc:13 numthreads:33 mem_avail(MB/%):1913734/92.5% swap_avail(MB/%):0/100.0%
time(s):1050.5 sum_rss(MB):6447.4 sum_vms(MB):8571.5 numproc:13 numthreads:31 mem_avail(MB/%):1913918/92.5% swap_avail(MB/%):0/100.0%
time(s):1060.9 sum_rss(MB):6470.3 sum_vms(MB):8594.2 numproc:13 numthreads:33 mem_avail(MB/%):1912443/92.5% swap_avail(MB/%):0/100.0%
time(s):1071.3 sum_rss(MB):6577.7 sum_vms(MB):8706.2 numproc:13 numthreads:33 mem_avail(MB/%):1913880/92.5% swap_avail(MB/%):0/100.0%
time(s):1081.7 sum_rss(MB):6571.3 sum_vms(MB):8699.1 numproc:13 numthreads:30 mem_avail(MB/%):1912633/92.5% swap_avail(MB/%):0/100.0%
time(s):1092.1 sum_rss(MB):4876.0 sum_vms(MB):6594.1 numproc:10 numthreads:26 mem_avail(MB/%):1913853/92.5% swap_avail(MB/%):0/100.0%
time(s):1102.5 sum_rss(MB):3355.1 sum_vms(MB):4669.9 numproc:7 numthreads:19 mem_avail(MB/%):1914845/92.6% swap_avail(MB/%):0/100.0%
time(s):1112.9 sum_rss(MB):6407.0 sum_vms(MB):8541.7 numproc:13 numthreads:33 mem_avail(MB/%):1912218/92.5% swap_avail(MB/%):0/100.0%
time(s):1123.3 sum_rss(MB):4563.1 sum_vms(MB):6290.7 numproc:10 numthreads:26 mem_avail(MB/%):1915797/92.6% swap_avail(MB/%):0/100.0%
time(s):1133.7 sum_rss(MB):5689.7 sum_vms(MB):7567.6 numproc:13 numthreads:33 mem_avail(MB/%):1913041/92.5% swap_avail(MB/%):0/100.0%
time(s):1144.0 sum_rss(MB):5003.2 sum_vms(MB):6732.2 numproc:10 numthreads:24 mem_avail(MB/%):1914004/92.6% swap_avail(MB/%):0/100.0%
time(s):1154.4 sum_rss(MB):6523.0 sum_vms(MB):8408.9 numproc:13 numthreads:33 mem_avail(MB/%):1915357/92.6% swap_avail(MB/%):0/100.0%
time(s):1164.8 sum_rss(MB):6242.7 sum_vms(MB):8513.4 numproc:13 numthreads:28 mem_avail(MB/%):1916808/92.7% swap_avail(MB/%):0/100.0%
time(s):1175.2 sum_rss(MB):6253.9 sum_vms(MB):8500.6 numproc:13 numthreads:33 mem_avail(MB/%):1914305/92.6% swap_avail(MB/%):0/100.0%
time(s):1185.6 sum_rss(MB):6384.3 sum_vms(MB):8510.1 numproc:13 numthreads:33 mem_avail(MB/%):1912661/92.5% swap_avail(MB/%):0/100.0%
time(s):1196.0 sum_rss(MB):6201.5 sum_vms(MB):8482.5 numproc:13 numthreads:33 mem_avail(MB/%):1912382/92.5% swap_avail(MB/%):0/100.0%
time(s):1206.4 sum_rss(MB):4978.6 sum_vms(MB):6700.4 numproc:10 numthreads:23 mem_avail(MB/%):1913699/92.5% swap_avail(MB/%):0/100.0%
time(s):1216.8 sum_rss(MB):6413.0 sum_vms(MB):8287.9 numproc:13 numthreads:33 mem_avail(MB/%):1914040/92.6% swap_avail(MB/%):0/100.0%
time(s):1227.2 sum_rss(MB):4984.5 sum_vms(MB):6713.6 numproc:10 numthreads:26 mem_avail(MB/%):1916113/92.7% swap_avail(MB/%):0/100.0%
time(s):1237.7 sum_rss(MB):6366.4 sum_vms(MB):8566.6 numproc:13 numthreads:33 mem_avail(MB/%):1913104/92.5% swap_avail(MB/%):0/100.0%
time(s):1248.1 sum_rss(MB):6566.5 sum_vms(MB):8707.1 numproc:13 numthreads:33 mem_avail(MB/%):1913592/92.5% swap_avail(MB/%):0/100.0%
time(s):1258.6 sum_rss(MB):6435.0 sum_vms(MB):8559.1 numproc:13 numthreads:33 mem_avail(MB/%):1913779/92.5% swap_avail(MB/%):0/100.0%
time(s):1269.1 sum_rss(MB):4986.3 sum_vms(MB):6713.1 numproc:10 numthreads:26 mem_avail(MB/%):1915273/92.6% swap_avail(MB/%):0/100.0%
time(s):1279.4 sum_rss(MB):5016.6 sum_vms(MB):6482.2 numproc:10 numthreads:26 mem_avail(MB/%):1913993/92.6% swap_avail(MB/%):0/100.0%
time(s):1289.9 sum_rss(MB):5656.9 sum_vms(MB):7661.1 numproc:13 numthreads:33 mem_avail(MB/%):1913176/92.5% swap_avail(MB/%):0/100.0%
time(s):1300.3 sum_rss(MB):6584.7 sum_vms(MB):8723.4 numproc:13 numthreads:33 mem_avail(MB/%):1912301/92.5% swap_avail(MB/%):0/100.0%
time(s):1310.6 sum_rss(MB):6479.6 sum_vms(MB):8611.2 numproc:13 numthreads:33 mem_avail(MB/%):1913770/92.5% swap_avail(MB/%):0/100.0%
time(s):1321.0 sum_rss(MB):6473.3 sum_vms(MB):8601.0 numproc:13 numthreads:33 mem_avail(MB/%):1914269/92.6% swap_avail(MB/%):0/100.0%
time(s):1331.4 sum_rss(MB):6201.2 sum_vms(MB):8328.5 numproc:13 numthreads:33 mem_avail(MB/%):1914550/92.6% swap_avail(MB/%):0/100.0%
time(s):1341.8 sum_rss(MB):6457.0 sum_vms(MB):8586.5 numproc:13 numthreads:33 mem_avail(MB/%):1914746/92.6% swap_avail(MB/%):0/100.0%
time(s):1352.3 sum_rss(MB):4912.5 sum_vms(MB):6635.3 numproc:10 numthreads:26 mem_avail(MB/%):1914308/92.6% swap_avail(MB/%):0/100.0%
time(s):1362.7 sum_rss(MB):6145.7 sum_vms(MB):8020.6 numproc:13 numthreads:33 mem_avail(MB/%):1914297/92.6% swap_avail(MB/%):0/100.0%
time(s):1373.2 sum_rss(MB):6457.5 sum_vms(MB):8587.6 numproc:13 numthreads:33 mem_avail(MB/%):1912420/92.5% swap_avail(MB/%):0/100.0%
time(s):1383.5 sum_rss(MB):4989.4 sum_vms(MB):6717.3 numproc:10 numthreads:25 mem_avail(MB/%):1913788/92.5% swap_avail(MB/%):0/100.0%
time(s):1393.9 sum_rss(MB):6448.3 sum_vms(MB):8322.3 numproc:13 numthreads:32 mem_avail(MB/%):1915417/92.6% swap_avail(MB/%):0/100.0%
time(s):1404.4 sum_rss(MB):6584.5 sum_vms(MB):8722.0 numproc:13 numthreads:33 mem_avail(MB/%):1913718/92.5% swap_avail(MB/%):0/100.0%
time(s):1414.8 sum_rss(MB):6451.4 sum_vms(MB):8577.9 numproc:13 numthreads:33 mem_avail(MB/%):1912837/92.5% swap_avail(MB/%):0/100.0%
time(s):1425.2 sum_rss(MB):4535.2 sum_vms(MB):6721.5 numproc:10 numthreads:25 mem_avail(MB/%):1914097/92.6% swap_avail(MB/%):0/100.0%
time(s):1435.5 sum_rss(MB):4591.9 sum_vms(MB):6058.7 numproc:10 numthreads:26 mem_avail(MB/%):1914121/92.6% swap_avail(MB/%):0/100.0%
time(s):1445.9 sum_rss(MB):5861.4 sum_vms(MB):7748.4 numproc:13 numthreads:33 mem_avail(MB/%):1912886/92.5% swap_avail(MB/%):0/100.0%
time(s):1456.4 sum_rss(MB):6687.6 sum_vms(MB):8826.9 numproc:13 numthreads:33 mem_avail(MB/%):1915116/92.6% swap_avail(MB/%):0/100.0%
time(s):1466.8 sum_rss(MB):6460.9 sum_vms(MB):8592.8 numproc:13 numthreads:33 mem_avail(MB/%):1915163/92.6% swap_avail(MB/%):0/100.0%
time(s):1477.3 sum_rss(MB):6462.3 sum_vms(MB):8586.7 numproc:13 numthreads:33 mem_avail(MB/%):1913729/92.5% swap_avail(MB/%):0/100.0%
time(s):1487.7 sum_rss(MB):4641.9 sum_vms(MB):6365.3 numproc:10 numthreads:26 mem_avail(MB/%):1916446/92.7% swap_avail(MB/%):0/100.0%
time(s):1498.2 sum_rss(MB):6255.6 sum_vms(MB):8137.1 numproc:13 numthreads:33 mem_avail(MB/%):1913189/92.5% swap_avail(MB/%):0/100.0%
time(s):1508.7 sum_rss(MB):6269.6 sum_vms(MB):8630.7 numproc:13 numthreads:33 mem_avail(MB/%):1912657/92.5% swap_avail(MB/%):0/100.0%
time(s):1519.1 sum_rss(MB):6453.5 sum_vms(MB):8711.4 numproc:13 numthreads:33 mem_avail(MB/%):1913744/92.5% swap_avail(MB/%):0/100.0%
time(s):1529.6 sum_rss(MB):6469.8 sum_vms(MB):8597.3 numproc:13 numthreads:31 mem_avail(MB/%):1914550/92.6% swap_avail(MB/%):0/100.0%
time(s):1540.0 sum_rss(MB):5023.1 sum_vms(MB):6749.7 numproc:10 numthreads:22 mem_avail(MB/%):1915157/92.6% swap_avail(MB/%):0/100.0%
time(s):1550.5 sum_rss(MB):6168.2 sum_vms(MB):8040.2 numproc:13 numthreads:32 mem_avail(MB/%):1914189/92.6% swap_avail(MB/%):0/100.0%
time(s):1560.9 sum_rss(MB):6563.3 sum_vms(MB):8698.5 numproc:13 numthreads:33 mem_avail(MB/%):1912683/92.5% swap_avail(MB/%):0/100.0%
time(s):1571.4 sum_rss(MB):6445.6 sum_vms(MB):8569.2 numproc:13 numthreads:33 mem_avail(MB/%):1912283/92.5% swap_avail(MB/%):0/100.0%
time(s):1581.9 sum_rss(MB):4862.8 sum_vms(MB):6604.6 numproc:10 numthreads:25 mem_avail(MB/%):1914261/92.6% swap_avail(MB/%):0/100.0%
time(s):1592.3 sum_rss(MB):4672.6 sum_vms(MB):6146.1 numproc:10 numthreads:26 mem_avail(MB/%):1917110/92.7% swap_avail(MB/%):0/100.0%
time(s):1602.7 sum_rss(MB):5747.7 sum_vms(MB):7625.8 numproc:13 numthreads:33 mem_avail(MB/%):1913421/92.5% swap_avail(MB/%):0/100.0%
time(s):1613.2 sum_rss(MB):6557.6 sum_vms(MB):8694.3 numproc:13 numthreads:33 mem_avail(MB/%):1913746/92.5% swap_avail(MB/%):0/100.0%
time(s):1623.6 sum_rss(MB):6441.8 sum_vms(MB):8578.2 numproc:13 numthreads:29 mem_avail(MB/%):1912328/92.5% swap_avail(MB/%):0/100.0%
time(s):1633.9 sum_rss(MB):6425.0 sum_vms(MB):8549.4 numproc:13 numthreads:30 mem_avail(MB/%):1913970/92.6% swap_avail(MB/%):0/100.0%
time(s):1644.3 sum_rss(MB):4888.5 sum_vms(MB):6613.3 numproc:10 numthreads:26 mem_avail(MB/%):1913976/92.6% swap_avail(MB/%):0/100.0%
time(s):1654.7 sum_rss(MB):4871.1 sum_vms(MB):6591.7 numproc:10 numthreads:26 mem_avail(MB/%):1915436/92.6% swap_avail(MB/%):0/100.0%
time(s):1665.1 sum_rss(MB):4999.5 sum_vms(MB):6728.6 numproc:10 numthreads:26 mem_avail(MB/%):1916668/92.7% swap_avail(MB/%):0/100.0%
time(s):1675.5 sum_rss(MB):5996.1 sum_vms(MB):7878.7 numproc:13 numthreads:33 mem_avail(MB/%):1912876/92.5% swap_avail(MB/%):0/100.0%
time(s):1685.9 sum_rss(MB):6451.6 sum_vms(MB):8583.8 numproc:13 numthreads:30 mem_avail(MB/%):1912396/92.5% swap_avail(MB/%):0/100.0%
time(s):1696.3 sum_rss(MB):6452.8 sum_vms(MB):8587.0 numproc:13 numthreads:33 mem_avail(MB/%):1913989/92.6% swap_avail(MB/%):0/100.0%
time(s):1706.7 sum_rss(MB):6577.9 sum_vms(MB):8706.1 numproc:13 numthreads:33 mem_avail(MB/%):1914028/92.6% swap_avail(MB/%):0/100.0%
time(s):1717.1 sum_rss(MB):6571.3 sum_vms(MB):8697.8 numproc:13 numthreads:33 mem_avail(MB/%):1913706/92.5% swap_avail(MB/%):0/100.0%
time(s):1727.6 sum_rss(MB):6580.6 sum_vms(MB):8711.2 numproc:13 numthreads:31 mem_avail(MB/%):1914156/92.6% swap_avail(MB/%):0/100.0%
time(s):1738.0 sum_rss(MB):4929.8 sum_vms(MB):6820.3 numproc:11 numthreads:25 mem_avail(MB/%):1915734/92.6% swap_avail(MB/%):0/100.0%
time(s):1748.4 sum_rss(MB):4169.1 sum_vms(MB):5638.2 numproc:10 numthreads:26 mem_avail(MB/%):1914408/92.6% swap_avail(MB/%):0/100.0%
time(s):1758.9 sum_rss(MB):6449.9 sum_vms(MB):8428.1 numproc:13 numthreads:33 mem_avail(MB/%):1912307/92.5% swap_avail(MB/%):0/100.0%
time(s):1769.4 sum_rss(MB):6575.0 sum_vms(MB):8710.5 numproc:13 numthreads:30 mem_avail(MB/%):1913985/92.6% swap_avail(MB/%):0/100.0%
time(s):1779.9 sum_rss(MB):6124.9 sum_vms(MB):8253.3 numproc:13 numthreads:33 mem_avail(MB/%):1912887/92.5% swap_avail(MB/%):0/100.0%
time(s):1790.3 sum_rss(MB):4618.6 sum_vms(MB):6340.7 numproc:10 numthreads:26 mem_avail(MB/%):1914098/92.6% swap_avail(MB/%):0/100.0%
time(s):1800.8 sum_rss(MB):6134.1 sum_vms(MB):8015.6 numproc:13 numthreads:33 mem_avail(MB/%):1914301/92.6% swap_avail(MB/%):0/100.0%
time(s):1811.2 sum_rss(MB):6453.8 sum_vms(MB):8585.5 numproc:13 numthreads:31 mem_avail(MB/%):1913681/92.5% swap_avail(MB/%):0/100.0%
time(s):1821.6 sum_rss(MB):6550.0 sum_vms(MB):8679.6 numproc:13 numthreads:33 mem_avail(MB/%):1912761/92.5% swap_avail(MB/%):0/100.0%
time(s):1832.1 sum_rss(MB):4879.0 sum_vms(MB):6596.5 numproc:10 numthreads:22 mem_avail(MB/%):1916787/92.7% swap_avail(MB/%):0/100.0%
time(s):1842.4 sum_rss(MB):6613.8 sum_vms(MB):8491.0 numproc:13 numthreads:33 mem_avail(MB/%):1914894/92.6% swap_avail(MB/%):0/100.0%
time(s):1852.9 sum_rss(MB):6592.1 sum_vms(MB):8727.8 numproc:13 numthreads:33 mem_avail(MB/%):1913650/92.5% swap_avail(MB/%):0/100.0%
time(s):1863.3 sum_rss(MB):6452.3 sum_vms(MB):8577.3 numproc:13 numthreads:33 mem_avail(MB/%):1915327/92.6% swap_avail(MB/%):0/100.0%
time(s):1873.7 sum_rss(MB):4923.9 sum_vms(MB):6640.9 numproc:10 numthreads:23 mem_avail(MB/%):1913719/92.5% swap_avail(MB/%):0/100.0%
time(s):1884.2 sum_rss(MB):6189.6 sum_vms(MB):8060.6 numproc:13 numthreads:33 mem_avail(MB/%):1912505/92.5% swap_avail(MB/%):0/100.0%
time(s):1894.6 sum_rss(MB):6293.8 sum_vms(MB):8433.7 numproc:13 numthreads:30 mem_avail(MB/%):1912547/92.5% swap_avail(MB/%):0/100.0%
time(s):1905.0 sum_rss(MB):4861.6 sum_vms(MB):6579.6 numproc:10 numthreads:26 mem_avail(MB/%):1915721/92.6% swap_avail(MB/%):0/100.0%
time(s):1915.4 sum_rss(MB):5897.1 sum_vms(MB):7779.7 numproc:13 numthreads:33 mem_avail(MB/%):1912811/92.5% swap_avail(MB/%):0/100.0%
time(s):1925.9 sum_rss(MB):6483.8 sum_vms(MB):8611.9 numproc:13 numthreads:33 mem_avail(MB/%):1912098/92.5% swap_avail(MB/%):0/100.0%
time(s):1936.3 sum_rss(MB):6436.4 sum_vms(MB):8567.1 numproc:13 numthreads:32 mem_avail(MB/%):1912358/92.5% swap_avail(MB/%):0/100.0%
time(s):1946.7 sum_rss(MB):4876.3 sum_vms(MB):6597.6 numproc:10 numthreads:26 mem_avail(MB/%):1916912/92.7% swap_avail(MB/%):0/100.0%
time(s):1957.2 sum_rss(MB):5490.4 sum_vms(MB):7366.3 numproc:13 numthreads:33 mem_avail(MB/%):1913170/92.5% swap_avail(MB/%):0/100.0%
time(s):1967.6 sum_rss(MB):6503.8 sum_vms(MB):8635.8 numproc:13 numthreads:33 mem_avail(MB/%):1911888/92.5% swap_avail(MB/%):0/100.0%
time(s):1978.0 sum_rss(MB):6396.6 sum_vms(MB):8526.6 numproc:13 numthreads:33 mem_avail(MB/%):1913961/92.6% swap_avail(MB/%):0/100.0%
time(s):1988.4 sum_rss(MB):5116.2 sum_vms(MB):6844.3 numproc:10 numthreads:26 mem_avail(MB/%):1918161/92.8% swap_avail(MB/%):0/100.0%
time(s):1998.8 sum_rss(MB):6413.8 sum_vms(MB):8376.0 numproc:13 numthreads:33 mem_avail(MB/%):1916076/92.7% swap_avail(MB/%):0/100.0%
time(s):2009.2 sum_rss(MB):4979.2 sum_vms(MB):6710.9 numproc:10 numthreads:25 mem_avail(MB/%):1914349/92.6% swap_avail(MB/%):0/100.0%
time(s):2019.6 sum_rss(MB):6507.6 sum_vms(MB):8391.2 numproc:13 numthreads:32 mem_avail(MB/%):1912133/92.5% swap_avail(MB/%):0/100.0%
time(s):2030.1 sum_rss(MB):6558.7 sum_vms(MB):8698.0 numproc:13 numthreads:33 mem_avail(MB/%):1912132/92.5% swap_avail(MB/%):0/100.0%
time(s):2040.5 sum_rss(MB):6422.2 sum_vms(MB):8551.7 numproc:13 numthreads:33 mem_avail(MB/%):1912227/92.5% swap_avail(MB/%):0/100.0%
time(s):2050.9 sum_rss(MB):6534.2 sum_vms(MB):8664.9 numproc:13 numthreads:33 mem_avail(MB/%):1912156/92.5% swap_avail(MB/%):0/100.0%
time(s):2061.3 sum_rss(MB):6407.4 sum_vms(MB):8535.1 numproc:13 numthreads:30 mem_avail(MB/%):1912248/92.5% swap_avail(MB/%):0/100.0%
time(s):2071.7 sum_rss(MB):3349.3 sum_vms(MB):4764.2 numproc:8 numthreads:16 mem_avail(MB/%):1918403/92.8% swap_avail(MB/%):0/100.0%
time(s):2082.2 sum_rss(MB):5730.2 sum_vms(MB):7607.4 numproc:13 numthreads:29 mem_avail(MB/%):1913129/92.5% swap_avail(MB/%):0/100.0%
time(s):2092.6 sum_rss(MB):6396.8 sum_vms(MB):8536.6 numproc:13 numthreads:30 mem_avail(MB/%):1912193/92.5% swap_avail(MB/%):0/100.0%
time(s):2103.0 sum_rss(MB):6526.1 sum_vms(MB):8658.8 numproc:13 numthreads:33 mem_avail(MB/%):1911881/92.4% swap_avail(MB/%):0/100.0%
time(s):2113.4 sum_rss(MB):6398.1 sum_vms(MB):8522.6 numproc:13 numthreads:33 mem_avail(MB/%):1913065/92.5% swap_avail(MB/%):0/100.0%
time(s):2123.8 sum_rss(MB):6515.3 sum_vms(MB):8642.7 numproc:13 numthreads:33 mem_avail(MB/%):1915181/92.6% swap_avail(MB/%):0/100.0%
time(s):2134.2 sum_rss(MB):4861.2 sum_vms(MB):6580.6 numproc:10 numthreads:23 mem_avail(MB/%):1915174/92.6% swap_avail(MB/%):0/100.0%
time(s):2144.6 sum_rss(MB):5732.1 sum_vms(MB):7606.5 numproc:13 numthreads:27 mem_avail(MB/%):1915241/92.6% swap_avail(MB/%):0/100.0%
time(s):2155.1 sum_rss(MB):6406.5 sum_vms(MB):8539.6 numproc:13 numthreads:30 mem_avail(MB/%):1912283/92.5% swap_avail(MB/%):0/100.0%
time(s):2165.4 sum_rss(MB):4961.2 sum_vms(MB):6684.8 numproc:10 numthreads:26 mem_avail(MB/%):1914783/92.6% swap_avail(MB/%):0/100.0%
time(s):2175.8 sum_rss(MB):5695.7 sum_vms(MB):7567.1 numproc:13 numthreads:33 mem_avail(MB/%):1912970/92.5% swap_avail(MB/%):0/100.0%
time(s):2186.2 sum_rss(MB):6538.5 sum_vms(MB):8678.9 numproc:13 numthreads:33 mem_avail(MB/%):1912126/92.5% swap_avail(MB/%):0/100.0%
time(s):2196.6 sum_rss(MB):6370.0 sum_vms(MB):8501.6 numproc:13 numthreads:31 mem_avail(MB/%):1913874/92.5% swap_avail(MB/%):0/100.0%
time(s):2207.1 sum_rss(MB):4848.2 sum_vms(MB):6563.9 numproc:10 numthreads:25 mem_avail(MB/%):1913741/92.5% swap_avail(MB/%):0/100.0%
time(s):2217.5 sum_rss(MB):4995.2 sum_vms(MB):6461.9 numproc:10 numthreads:26 mem_avail(MB/%):1913706/92.5% swap_avail(MB/%):0/100.0%
time(s):2227.9 sum_rss(MB):6085.1 sum_vms(MB):7970.3 numproc:13 numthreads:31 mem_avail(MB/%):1914071/92.6% swap_avail(MB/%):0/100.0%
time(s):2238.4 sum_rss(MB):6505.9 sum_vms(MB):8639.0 numproc:13 numthreads:33 mem_avail(MB/%):1912805/92.5% swap_avail(MB/%):0/100.0%
time(s):2248.8 sum_rss(MB):6515.5 sum_vms(MB):8644.8 numproc:13 numthreads:33 mem_avail(MB/%):1913976/92.6% swap_avail(MB/%):0/100.0%
time(s):2259.2 sum_rss(MB):6510.8 sum_vms(MB):8644.2 numproc:13 numthreads:33 mem_avail(MB/%):1912251/92.5% swap_avail(MB/%):0/100.0%
time(s):2269.6 sum_rss(MB):4840.4 sum_vms(MB):6556.4 numproc:10 numthreads:24 mem_avail(MB/%):1915323/92.6% swap_avail(MB/%):0/100.0%
time(s):2280.1 sum_rss(MB):6508.9 sum_vms(MB):8386.7 numproc:13 numthreads:33 mem_avail(MB/%):1916883/92.7% swap_avail(MB/%):0/100.0%
time(s):2290.5 sum_rss(MB):6401.8 sum_vms(MB):8541.2 numproc:13 numthreads:32 mem_avail(MB/%):1912379/92.5% swap_avail(MB/%):0/100.0%
time(s):2301.0 sum_rss(MB):4966.4 sum_vms(MB):6692.3 numproc:10 numthreads:26 mem_avail(MB/%):1914994/92.6% swap_avail(MB/%):0/100.0%
time(s):2311.4 sum_rss(MB):4835.3 sum_vms(MB):6556.9 numproc:10 numthreads:25 mem_avail(MB/%):1913882/92.5% swap_avail(MB/%):0/100.0%
time(s):2321.8 sum_rss(MB):6415.4 sum_vms(MB):8287.8 numproc:13 numthreads:33 mem_avail(MB/%):1912389/92.5% swap_avail(MB/%):0/100.0%
time(s):2332.2 sum_rss(MB):6514.1 sum_vms(MB):8645.9 numproc:13 numthreads:30 mem_avail(MB/%):1912263/92.5% swap_avail(MB/%):0/100.0%
time(s):2342.7 sum_rss(MB):3317.5 sum_vms(MB):4732.1 numproc:8 numthreads:20 mem_avail(MB/%):1915255/92.6% swap_avail(MB/%):0/100.0%
time(s):2353.1 sum_rss(MB):4187.6 sum_vms(MB):5659.5 numproc:10 numthreads:25 mem_avail(MB/%):1916177/92.7% swap_avail(MB/%):0/100.0%
time(s):2363.6 sum_rss(MB):6410.8 sum_vms(MB):8552.6 numproc:13 numthreads:31 mem_avail(MB/%):1913722/92.5% swap_avail(MB/%):0/100.0%
time(s):2374.0 sum_rss(MB):6648.0 sum_vms(MB):8785.0 numproc:13 numthreads:30 mem_avail(MB/%):1915738/92.6% swap_avail(MB/%):0/100.0%
time(s):2384.4 sum_rss(MB):6385.2 sum_vms(MB):8509.3 numproc:13 numthreads:33 mem_avail(MB/%):1913233/92.5% swap_avail(MB/%):0/100.0%
time(s):2394.9 sum_rss(MB):6408.5 sum_vms(MB):8535.2 numproc:13 numthreads:32 mem_avail(MB/%):1912316/92.5% swap_avail(MB/%):0/100.0%
time(s):2405.3 sum_rss(MB):6405.6 sum_vms(MB):8533.0 numproc:13 numthreads:30 mem_avail(MB/%):1915510/92.6% swap_avail(MB/%):0/100.0%
time(s):2415.7 sum_rss(MB):6547.1 sum_vms(MB):8675.0 numproc:13 numthreads:33 mem_avail(MB/%):1913647/92.5% swap_avail(MB/%):0/100.0%
time(s):2426.1 sum_rss(MB):4958.8 sum_vms(MB):6682.7 numproc:10 numthreads:26 mem_avail(MB/%):1915628/92.6% swap_avail(MB/%):0/100.0%
time(s):2436.5 sum_rss(MB):4542.6 sum_vms(MB):6009.0 numproc:10 numthreads:25 mem_avail(MB/%):1914740/92.6% swap_avail(MB/%):0/100.0%
time(s):2447.0 sum_rss(MB):6487.9 sum_vms(MB):8378.1 numproc:13 numthreads:33 mem_avail(MB/%):1911816/92.4% swap_avail(MB/%):0/100.0%
time(s):2457.4 sum_rss(MB):6390.3 sum_vms(MB):8517.8 numproc:13 numthreads:32 mem_avail(MB/%):1912428/92.5% swap_avail(MB/%):0/100.0%
time(s):2467.8 sum_rss(MB):6282.8 sum_vms(MB):8654.0 numproc:13 numthreads:33 mem_avail(MB/%):1912203/92.5% swap_avail(MB/%):0/100.0%
time(s):2478.2 sum_rss(MB):4876.6 sum_vms(MB):6595.2 numproc:10 numthreads:25 mem_avail(MB/%):1913835/92.5% swap_avail(MB/%):0/100.0%
time(s):2488.6 sum_rss(MB):5743.3 sum_vms(MB):7646.6 numproc:13 numthreads:29 mem_avail(MB/%):1914478/92.6% swap_avail(MB/%):0/100.0%
time(s):2498.9 sum_rss(MB):4890.2 sum_vms(MB):6618.6 numproc:10 numthreads:23 mem_avail(MB/%):1914926/92.6% swap_avail(MB/%):0/100.0%
time(s):2509.1 sum_rss(MB):6023.4 sum_vms(MB):7981.4 numproc:13 numthreads:33 mem_avail(MB/%):1914352/92.6% swap_avail(MB/%):0/100.0%
time(s):2519.4 sum_rss(MB):6375.1 sum_vms(MB):8503.2 numproc:13 numthreads:31 mem_avail(MB/%):1914218/92.6% swap_avail(MB/%):0/100.0%
time(s):2529.8 sum_rss(MB):6402.9 sum_vms(MB):8527.4 numproc:13 numthreads:33 mem_avail(MB/%):1914223/92.6% swap_avail(MB/%):0/100.0%
time(s):2540.1 sum_rss(MB):6336.9 sum_vms(MB):8670.4 numproc:13 numthreads:33 mem_avail(MB/%):1914544/92.6% swap_avail(MB/%):0/100.0%
time(s):2550.5 sum_rss(MB):6353.4 sum_vms(MB):8480.4 numproc:13 numthreads:32 mem_avail(MB/%):1913846/92.5% swap_avail(MB/%):0/100.0%
time(s):2560.8 sum_rss(MB):4988.4 sum_vms(MB):6712.5 numproc:10 numthreads:25 mem_avail(MB/%):1914252/92.6% swap_avail(MB/%):0/100.0%
time(s):2571.2 sum_rss(MB):6595.7 sum_vms(MB):8472.5 numproc:13 numthreads:33 mem_avail(MB/%):1913635/92.5% swap_avail(MB/%):0/100.0%
time(s):2581.5 sum_rss(MB):6560.2 sum_vms(MB):8700.5 numproc:13 numthreads:33 mem_avail(MB/%):1912291/92.5% swap_avail(MB/%):0/100.0%
time(s):2591.8 sum_rss(MB):4835.6 sum_vms(MB):6551.9 numproc:10 numthreads:26 mem_avail(MB/%):1913558/92.5% swap_avail(MB/%):0/100.0%
time(s):2602.1 sum_rss(MB):4846.6 sum_vms(MB):6568.7 numproc:10 numthreads:24 mem_avail(MB/%):1913826/92.5% swap_avail(MB/%):0/100.0%
time(s):2612.4 sum_rss(MB):5004.4 sum_vms(MB):6733.0 numproc:10 numthreads:25 mem_avail(MB/%):1913863/92.5% swap_avail(MB/%):0/100.0%
time(s):2622.8 sum_rss(MB):6543.0 sum_vms(MB):8419.7 numproc:13 numthreads:33 mem_avail(MB/%):1911867/92.4% swap_avail(MB/%):0/100.0%
time(s):2633.1 sum_rss(MB):4871.0 sum_vms(MB):6600.6 numproc:10 numthreads:23 mem_avail(MB/%):1913808/92.5% swap_avail(MB/%):0/100.0%
time(s):2643.3 sum_rss(MB):6072.1 sum_vms(MB):7988.1 numproc:13 numthreads:33 mem_avail(MB/%):1914821/92.6% swap_avail(MB/%):0/100.0%
time(s):2653.7 sum_rss(MB):6531.4 sum_vms(MB):8670.8 numproc:13 numthreads:33 mem_avail(MB/%):1913421/92.5% swap_avail(MB/%):0/100.0%
time(s):2663.9 sum_rss(MB):4899.3 sum_vms(MB):6623.8 numproc:10 numthreads:23 mem_avail(MB/%):1915559/92.6% swap_avail(MB/%):0/100.0%
time(s):2674.3 sum_rss(MB):6121.0 sum_vms(MB):7999.2 numproc:13 numthreads:33 mem_avail(MB/%):1917846/92.7% swap_avail(MB/%):0/100.0%
time(s):2684.8 sum_rss(MB):6393.9 sum_vms(MB):8532.7 numproc:13 numthreads:33 mem_avail(MB/%):1912304/92.5% swap_avail(MB/%):0/100.0%
time(s):2695.2 sum_rss(MB):4854.2 sum_vms(MB):6571.5 numproc:10 numthreads:26 mem_avail(MB/%):1915175/92.6% swap_avail(MB/%):0/100.0%
time(s):2705.6 sum_rss(MB):5307.1 sum_vms(MB):7854.4 numproc:13 numthreads:33 mem_avail(MB/%):1913139/92.5% swap_avail(MB/%):0/100.0%
time(s):2716.0 sum_rss(MB):6499.4 sum_vms(MB):8635.6 numproc:13 numthreads:33 mem_avail(MB/%):1912080/92.5% swap_avail(MB/%):0/100.0%
time(s):2726.4 sum_rss(MB):6524.3 sum_vms(MB):8657.2 numproc:13 numthreads:33 mem_avail(MB/%):1912296/92.5% swap_avail(MB/%):0/100.0%
time(s):2736.8 sum_rss(MB):6392.6 sum_vms(MB):8520.6 numproc:13 numthreads:33 mem_avail(MB/%):1912188/92.5% swap_avail(MB/%):0/100.0%
time(s):2747.2 sum_rss(MB):6545.6 sum_vms(MB):8674.8 numproc:13 numthreads:32 mem_avail(MB/%):1912460/92.5% swap_avail(MB/%):0/100.0%
time(s):2757.6 sum_rss(MB):6528.2 sum_vms(MB):8655.6 numproc:13 numthreads:32 mem_avail(MB/%):1912529/92.5% swap_avail(MB/%):0/100.0%
time(s):2767.9 sum_rss(MB):2954.7 sum_vms(MB):4735.9 numproc:7 numthreads:17 mem_avail(MB/%):1915746/92.6% swap_avail(MB/%):0/100.0%
time(s):2778.3 sum_rss(MB):5906.1 sum_vms(MB):7527.7 numproc:13 numthreads:33 mem_avail(MB/%):1914377/92.6% swap_avail(MB/%):0/100.0%
time(s):2788.7 sum_rss(MB):4600.5 sum_vms(MB):6334.7 numproc:10 numthreads:26 mem_avail(MB/%):1917126/92.7% swap_avail(MB/%):0/100.0%
time(s):2799.0 sum_rss(MB):6465.2 sum_vms(MB):8336.9 numproc:13 numthreads:33 mem_avail(MB/%):1914433/92.6% swap_avail(MB/%):0/100.0%
time(s):2809.4 sum_rss(MB):6542.7 sum_vms(MB):8678.8 numproc:13 numthreads:33 mem_avail(MB/%):1915351/92.6% swap_avail(MB/%):0/100.0%
time(s):2819.8 sum_rss(MB):6504.4 sum_vms(MB):8636.2 numproc:13 numthreads:33 mem_avail(MB/%):1912590/92.5% swap_avail(MB/%):0/100.0%
time(s):2830.2 sum_rss(MB):4829.1 sum_vms(MB):6552.6 numproc:10 numthreads:26 mem_avail(MB/%):1916758/92.7% swap_avail(MB/%):0/100.0%
time(s):2840.6 sum_rss(MB):5704.1 sum_vms(MB):7578.0 numproc:13 numthreads:33 mem_avail(MB/%):1913465/92.5% swap_avail(MB/%):0/100.0%
time(s):2851.1 sum_rss(MB):6404.9 sum_vms(MB):8536.8 numproc:13 numthreads:31 mem_avail(MB/%):1912278/92.5% swap_avail(MB/%):0/100.0%
time(s):2861.5 sum_rss(MB):6545.5 sum_vms(MB):8776.1 numproc:13 numthreads:30 mem_avail(MB/%):1912132/92.5% swap_avail(MB/%):0/100.0%
time(s):2871.8 sum_rss(MB):6390.3 sum_vms(MB):8519.0 numproc:13 numthreads:33 mem_avail(MB/%):1912120/92.5% swap_avail(MB/%):0/100.0%
time(s):2882.2 sum_rss(MB):6418.7 sum_vms(MB):8543.1 numproc:13 numthreads:33 mem_avail(MB/%):1911957/92.5% swap_avail(MB/%):0/100.0%
time(s):2892.5 sum_rss(MB):4985.3 sum_vms(MB):6712.3 numproc:10 numthreads:26 mem_avail(MB/%):1913816/92.5% swap_avail(MB/%):0/100.0%
time(s):2902.8 sum_rss(MB):6110.7 sum_vms(MB):7987.8 numproc:13 numthreads:33 mem_avail(MB/%):1914134/92.6% swap_avail(MB/%):0/100.0%
time(s):2913.1 sum_rss(MB):4441.8 sum_vms(MB):6166.3 numproc:10 numthreads:26 mem_avail(MB/%):1915909/92.6% swap_avail(MB/%):0/100.0%
time(s):2923.5 sum_rss(MB):4653.6 sum_vms(MB):6309.1 numproc:10 numthreads:25 mem_avail(MB/%):1913693/92.5% swap_avail(MB/%):0/100.0%
time(s):2933.9 sum_rss(MB):6218.0 sum_vms(MB):8106.8 numproc:13 numthreads:31 mem_avail(MB/%):1914308/92.6% swap_avail(MB/%):0/100.0%
time(s):2944.3 sum_rss(MB):6389.8 sum_vms(MB):8518.9 numproc:13 numthreads:33 mem_avail(MB/%):1915578/92.6% swap_avail(MB/%):0/100.0%
time(s):2954.7 sum_rss(MB):6370.0 sum_vms(MB):8499.8 numproc:13 numthreads:31 mem_avail(MB/%):1914053/92.6% swap_avail(MB/%):0/100.0%
time(s):2965.1 sum_rss(MB):4983.2 sum_vms(MB):6706.5 numproc:10 numthreads:26 mem_avail(MB/%):1915175/92.6% swap_avail(MB/%):0/100.0%
time(s):2975.5 sum_rss(MB):5781.1 sum_vms(MB):7702.0 numproc:13 numthreads:33 mem_avail(MB/%):1913751/92.5% swap_avail(MB/%):0/100.0%
time(s):2985.9 sum_rss(MB):6347.8 sum_vms(MB):8483.0 numproc:13 numthreads:33 mem_avail(MB/%):1913984/92.6% swap_avail(MB/%):0/100.0%
time(s):2996.2 sum_rss(MB):6495.1 sum_vms(MB):8624.8 numproc:13 numthreads:33 mem_avail(MB/%):1912698/92.5% swap_avail(MB/%):0/100.0%
time(s):3006.6 sum_rss(MB):6352.7 sum_vms(MB):8485.0 numproc:13 numthreads:33 mem_avail(MB/%):1912150/92.5% swap_avail(MB/%):0/100.0%
time(s):3017.0 sum_rss(MB):6504.0 sum_vms(MB):8633.1 numproc:13 numthreads:32 mem_avail(MB/%):1912235/92.5% swap_avail(MB/%):0/100.0%
time(s):3027.4 sum_rss(MB):4703.6 sum_vms(MB):6824.6 numproc:10 numthreads:25 mem_avail(MB/%):1913767/92.5% swap_avail(MB/%):0/100.0%
time(s):3037.8 sum_rss(MB):6352.6 sum_vms(MB):8225.8 numproc:13 numthreads:33 mem_avail(MB/%):1912248/92.5% swap_avail(MB/%):0/100.0%
time(s):3048.2 sum_rss(MB):4796.3 sum_vms(MB):6519.5 numproc:10 numthreads:25 mem_avail(MB/%):1916918/92.7% swap_avail(MB/%):0/100.0%
time(s):3058.6 sum_rss(MB):4945.6 sum_vms(MB):6412.0 numproc:10 numthreads:26 mem_avail(MB/%):1914067/92.6% swap_avail(MB/%):0/100.0%
time(s):3069.0 sum_rss(MB):5655.7 sum_vms(MB):7539.9 numproc:13 numthreads:33 mem_avail(MB/%):1912821/92.5% swap_avail(MB/%):0/100.0%
time(s):3079.4 sum_rss(MB):4851.6 sum_vms(MB):6576.1 numproc:10 numthreads:26 mem_avail(MB/%):1913704/92.5% swap_avail(MB/%):0/100.0%
time(s):3089.7 sum_rss(MB):6488.8 sum_vms(MB):8371.2 numproc:13 numthreads:33 mem_avail(MB/%):1916436/92.7% swap_avail(MB/%):0/100.0%
time(s):3100.1 sum_rss(MB):6677.4 sum_vms(MB):8816.7 numproc:13 numthreads:25 mem_avail(MB/%):1914555/92.6% swap_avail(MB/%):0/100.0%
time(s):3110.4 sum_rss(MB):6393.8 sum_vms(MB):8524.6 numproc:13 numthreads:33 mem_avail(MB/%):1915251/92.6% swap_avail(MB/%):0/100.0%
time(s):3120.8 sum_rss(MB):6380.7 sum_vms(MB):8504.9 numproc:13 numthreads:33 mem_avail(MB/%):1912159/92.5% swap_avail(MB/%):0/100.0%
time(s):3131.1 sum_rss(MB):6528.4 sum_vms(MB):8656.7 numproc:13 numthreads:31 mem_avail(MB/%):1911852/92.4% swap_avail(MB/%):0/100.0%
time(s):3141.4 sum_rss(MB):6214.9 sum_vms(MB):8557.4 numproc:13 numthreads:33 mem_avail(MB/%):1912489/92.5% swap_avail(MB/%):0/100.0%
time(s):3151.7 sum_rss(MB):6385.8 sum_vms(MB):8513.8 numproc:13 numthreads:30 mem_avail(MB/%):1912274/92.5% swap_avail(MB/%):0/100.0%
time(s):3162.0 sum_rss(MB):6497.9 sum_vms(MB):8630.5 numproc:13 numthreads:31 mem_avail(MB/%):1912809/92.5% swap_avail(MB/%):0/100.0%
time(s):3172.4 sum_rss(MB):3343.7 sum_vms(MB):4654.7 numproc:7 numthreads:14 mem_avail(MB/%):1916484/92.7% swap_avail(MB/%):0/100.0%
time(s):3182.7 sum_rss(MB):6545.5 sum_vms(MB):8172.6 numproc:13 numthreads:33 mem_avail(MB/%):1912675/92.5% swap_avail(MB/%):0/100.0%
time(s):3193.0 sum_rss(MB):4905.3 sum_vms(MB):6634.3 numproc:10 numthreads:25 mem_avail(MB/%):1916794/92.7% swap_avail(MB/%):0/100.0%
time(s):3203.3 sum_rss(MB):5980.1 sum_vms(MB):7852.5 numproc:13 numthreads:33 mem_avail(MB/%):1913223/92.5% swap_avail(MB/%):0/100.0%
time(s):3213.6 sum_rss(MB):4987.7 sum_vms(MB):6716.9 numproc:10 numthreads:25 mem_avail(MB/%):1914867/92.6% swap_avail(MB/%):0/100.0%
time(s):3223.9 sum_rss(MB):6111.0 sum_vms(MB):7984.8 numproc:13 numthreads:33 mem_avail(MB/%):1914619/92.6% swap_avail(MB/%):0/100.0%
time(s):3234.3 sum_rss(MB):6473.5 sum_vms(MB):8613.2 numproc:13 numthreads:33 mem_avail(MB/%):1912241/92.5% swap_avail(MB/%):0/100.0%
time(s):3244.6 sum_rss(MB):6508.7 sum_vms(MB):8637.4 numproc:13 numthreads:33 mem_avail(MB/%):1915039/92.6% swap_avail(MB/%):0/100.0%
time(s):3254.9 sum_rss(MB):6408.0 sum_vms(MB):8536.0 numproc:13 numthreads:33 mem_avail(MB/%):1913192/92.5% swap_avail(MB/%):0/100.0%
time(s):3265.2 sum_rss(MB):5756.0 sum_vms(MB):8644.9 numproc:13 numthreads:33 mem_avail(MB/%):1914354/92.6% swap_avail(MB/%):0/100.0%
time(s):3275.5 sum_rss(MB):6360.2 sum_vms(MB):8481.5 numproc:13 numthreads:30 mem_avail(MB/%):1912987/92.5% swap_avail(MB/%):0/100.0%
time(s):3285.9 sum_rss(MB):6506.6 sum_vms(MB):8632.2 numproc:13 numthreads:33 mem_avail(MB/%):1911793/92.4% swap_avail(MB/%):0/100.0%
time(s):3296.3 sum_rss(MB):6346.6 sum_vms(MB):8477.3 numproc:13 numthreads:33 mem_avail(MB/%):1912436/92.5% swap_avail(MB/%):0/100.0%
time(s):3306.6 sum_rss(MB):4838.1 sum_vms(MB):6563.2 numproc:10 numthreads:26 mem_avail(MB/%):1916794/92.7% swap_avail(MB/%):0/100.0%
time(s):3316.9 sum_rss(MB):5692.9 sum_vms(MB):7563.3 numproc:13 numthreads:30 mem_avail(MB/%):1912638/92.5% swap_avail(MB/%):0/100.0%
time(s):3327.2 sum_rss(MB):3273.4 sum_vms(MB):4590.6 numproc:7 numthreads:18 mem_avail(MB/%):1916753/92.7% swap_avail(MB/%):0/100.0%
time(s):3337.5 sum_rss(MB):4642.3 sum_vms(MB):5860.9 numproc:10 numthreads:25 mem_avail(MB/%):1913904/92.5% swap_avail(MB/%):0/100.0%
time(s):3347.9 sum_rss(MB):6555.5 sum_vms(MB):8446.4 numproc:13 numthreads:32 mem_avail(MB/%):1913132/92.5% swap_avail(MB/%):0/100.0%
time(s):3358.2 sum_rss(MB):6523.7 sum_vms(MB):8658.3 numproc:13 numthreads:33 mem_avail(MB/%):1914225/92.6% swap_avail(MB/%):0/100.0%
time(s):3368.5 sum_rss(MB):6380.0 sum_vms(MB):8508.3 numproc:13 numthreads:33 mem_avail(MB/%):1913663/92.5% swap_avail(MB/%):0/100.0%
time(s):3378.9 sum_rss(MB):6542.7 sum_vms(MB):8674.2 numproc:13 numthreads:30 mem_avail(MB/%):1912102/92.5% swap_avail(MB/%):0/100.0%
time(s):3389.3 sum_rss(MB):6218.6 sum_vms(MB):8541.8 numproc:13 numthreads:33 mem_avail(MB/%):1912085/92.5% swap_avail(MB/%):0/100.0%
time(s):3399.7 sum_rss(MB):5754.7 sum_vms(MB):7900.7 numproc:13 numthreads:29 mem_avail(MB/%):1912835/92.5% swap_avail(MB/%):0/100.0%
time(s):3410.1 sum_rss(MB):6512.0 sum_vms(MB):8638.8 numproc:13 numthreads:29 mem_avail(MB/%):1913755/92.5% swap_avail(MB/%):0/100.0%
time(s):3420.5 sum_rss(MB):6414.3 sum_vms(MB):8539.1 numproc:13 numthreads:33 mem_avail(MB/%):1913614/92.5% swap_avail(MB/%):0/100.0%
time(s):3430.9 sum_rss(MB):4871.3 sum_vms(MB):6598.7 numproc:10 numthreads:25 mem_avail(MB/%):1914934/92.6% swap_avail(MB/%):0/100.0%
time(s):3441.3 sum_rss(MB):6548.0 sum_vms(MB):8424.1 numproc:13 numthreads:33 mem_avail(MB/%):1913492/92.5% swap_avail(MB/%):0/100.0%
time(s):3451.7 sum_rss(MB):6448.3 sum_vms(MB):8578.9 numproc:13 numthreads:33 mem_avail(MB/%):1913410/92.5% swap_avail(MB/%):0/100.0%
time(s):3462.2 sum_rss(MB):5015.9 sum_vms(MB):6738.5 numproc:10 numthreads:25 mem_avail(MB/%):1915315/92.6% swap_avail(MB/%):0/100.0%
time(s):3472.6 sum_rss(MB):6377.5 sum_vms(MB):8253.8 numproc:13 numthreads:33 mem_avail(MB/%):1912555/92.5% swap_avail(MB/%):0/100.0%
time(s):3483.0 sum_rss(MB):3387.2 sum_vms(MB):4708.8 numproc:7 numthreads:18 mem_avail(MB/%):1918135/92.8% swap_avail(MB/%):0/100.0%
time(s):3493.4 sum_rss(MB):6053.8 sum_vms(MB):7864.4 numproc:13 numthreads:33 mem_avail(MB/%):1912615/92.5% swap_avail(MB/%):0/100.0%
time(s):3503.9 sum_rss(MB):6537.1 sum_vms(MB):8679.2 numproc:13 numthreads:33 mem_avail(MB/%):1911904/92.5% swap_avail(MB/%):0/100.0%
time(s):3514.3 sum_rss(MB):6200.5 sum_vms(MB):8431.3 numproc:13 numthreads:30 mem_avail(MB/%):1912325/92.5% swap_avail(MB/%):0/100.0%
time(s):3524.8 sum_rss(MB):6358.3 sum_vms(MB):8488.8 numproc:13 numthreads:33 mem_avail(MB/%):1913655/92.5% swap_avail(MB/%):0/100.0%
time(s):3535.2 sum_rss(MB):6388.5 sum_vms(MB):8518.3 numproc:13 numthreads:33 mem_avail(MB/%):1912188/92.5% swap_avail(MB/%):0/100.0%
time(s):3545.6 sum_rss(MB):6451.9 sum_vms(MB):8584.5 numproc:13 numthreads:30 mem_avail(MB/%):1912554/92.5% swap_avail(MB/%):0/100.0%
time(s):3556.1 sum_rss(MB):4814.4 sum_vms(MB):6531.4 numproc:10 numthreads:26 mem_avail(MB/%):1915328/92.6% swap_avail(MB/%):0/100.0%
time(s):3566.4 sum_rss(MB):3469.7 sum_vms(MB):4789.8 numproc:7 numthreads:16 mem_avail(MB/%):1918356/92.8% swap_avail(MB/%):0/100.0%
time(s):3576.9 sum_rss(MB):6514.9 sum_vms(MB):8394.0 numproc:13 numthreads:33 mem_avail(MB/%):1912727/92.5% swap_avail(MB/%):0/100.0%
time(s):3587.3 sum_rss(MB):6576.1 sum_vms(MB):8710.4 numproc:13 numthreads:33 mem_avail(MB/%):1913713/92.5% swap_avail(MB/%):0/100.0%
time(s):3597.8 sum_rss(MB):6388.2 sum_vms(MB):8521.6 numproc:13 numthreads:30 mem_avail(MB/%):1912005/92.5% swap_avail(MB/%):0/100.0%
time(s):3608.2 sum_rss(MB):4453.2 sum_vms(MB):6279.1 numproc:11 numthreads:27 mem_avail(MB/%):1915485/92.6% swap_avail(MB/%):0/100.0%
time(s):3618.6 sum_rss(MB):3326.1 sum_vms(MB):4637.8 numproc:7 numthreads:18 mem_avail(MB/%):1917426/92.7% swap_avail(MB/%):0/100.0%
time(s):3629.1 sum_rss(MB):6192.3 sum_vms(MB):7823.8 numproc:13 numthreads:32 mem_avail(MB/%):1913089/92.5% swap_avail(MB/%):0/100.0%
time(s):3639.5 sum_rss(MB):6520.5 sum_vms(MB):8655.2 numproc:13 numthreads:31 mem_avail(MB/%):1915113/92.6% swap_avail(MB/%):0/100.0%
time(s):3650.0 sum_rss(MB):6368.2 sum_vms(MB):8497.2 numproc:13 numthreads:33 mem_avail(MB/%):1911771/92.4% swap_avail(MB/%):0/100.0%
time(s):3660.4 sum_rss(MB):6410.8 sum_vms(MB):8538.6 numproc:13 numthreads:33 mem_avail(MB/%):1912025/92.5% swap_avail(MB/%):0/100.0%
time(s):3670.8 sum_rss(MB):6659.1 sum_vms(MB):8792.1 numproc:13 numthreads:31 mem_avail(MB/%):1912317/92.5% swap_avail(MB/%):0/100.0%
time(s):3681.3 sum_rss(MB):5719.6 sum_vms(MB):7842.0 numproc:13 numthreads:26 mem_avail(MB/%):1913492/92.5% swap_avail(MB/%):0/100.0%
time(s):3691.8 sum_rss(MB):5002.0 sum_vms(MB):6724.0 numproc:10 numthreads:26 mem_avail(MB/%):1913761/92.5% swap_avail(MB/%):0/100.0%
time(s):3702.3 sum_rss(MB):6609.7 sum_vms(MB):8488.7 numproc:13 numthreads:31 mem_avail(MB/%):1913370/92.5% swap_avail(MB/%):0/100.0%
time(s):3712.7 sum_rss(MB):6392.5 sum_vms(MB):8521.7 numproc:13 numthreads:33 mem_avail(MB/%):1913700/92.5% swap_avail(MB/%):0/100.0%
time(s):3723.1 sum_rss(MB):4785.7 sum_vms(MB):6513.1 numproc:10 numthreads:26 mem_avail(MB/%):1913831/92.5% swap_avail(MB/%):0/100.0%
time(s):3733.5 sum_rss(MB):2996.9 sum_vms(MB):4162.6 numproc:8 numthreads:20 mem_avail(MB/%):1915784/92.6% swap_avail(MB/%):0/100.0%
time(s):3743.9 sum_rss(MB):4990.5 sum_vms(MB):6623.8 numproc:13 numthreads:33 mem_avail(MB/%):1916617/92.7% swap_avail(MB/%):0/100.0%
time(s):3754.3 sum_rss(MB):6133.6 sum_vms(MB):8276.6 numproc:13 numthreads:33 mem_avail(MB/%):1915015/92.6% swap_avail(MB/%):0/100.0%
time(s):3764.7 sum_rss(MB):6530.6 sum_vms(MB):8759.2 numproc:13 numthreads:33 mem_avail(MB/%):1915751/92.6% swap_avail(MB/%):0/100.0%
time(s):3775.2 sum_rss(MB):6338.5 sum_vms(MB):8466.8 numproc:13 numthreads:33 mem_avail(MB/%):1911975/92.5% swap_avail(MB/%):0/100.0%
time(s):3785.5 sum_rss(MB):6387.6 sum_vms(MB):8514.6 numproc:13 numthreads:33 mem_avail(MB/%):1912273/92.5% swap_avail(MB/%):0/100.0%
time(s):3795.9 sum_rss(MB):6097.6 sum_vms(MB):8239.9 numproc:13 numthreads:33 mem_avail(MB/%):1912444/92.5% swap_avail(MB/%):0/100.0%
time(s):3806.3 sum_rss(MB):4837.7 sum_vms(MB):6553.0 numproc:10 numthreads:22 mem_avail(MB/%):1913588/92.5% swap_avail(MB/%):0/100.0%
time(s):3816.7 sum_rss(MB):5722.7 sum_vms(MB):7598.4 numproc:13 numthreads:33 mem_avail(MB/%):1914622/92.6% swap_avail(MB/%):0/100.0%
time(s):3827.1 sum_rss(MB):6379.0 sum_vms(MB):8518.9 numproc:13 numthreads:32 mem_avail(MB/%):1912846/92.5% swap_avail(MB/%):0/100.0%
time(s):3837.5 sum_rss(MB):6497.6 sum_vms(MB):8628.3 numproc:13 numthreads:33 mem_avail(MB/%):1912676/92.5% swap_avail(MB/%):0/100.0%
time(s):3848.0 sum_rss(MB):4866.2 sum_vms(MB):6687.0 numproc:11 numthreads:27 mem_avail(MB/%):1915760/92.6% swap_avail(MB/%):0/100.0%
time(s):3858.4 sum_rss(MB):5700.6 sum_vms(MB):7586.2 numproc:13 numthreads:30 mem_avail(MB/%):1914691/92.6% swap_avail(MB/%):0/100.0%
time(s):3868.8 sum_rss(MB):6507.4 sum_vms(MB):8641.1 numproc:13 numthreads:32 mem_avail(MB/%):1912361/92.5% swap_avail(MB/%):0/100.0%
time(s):3879.2 sum_rss(MB):3445.0 sum_vms(MB):4760.5 numproc:7 numthreads:17 mem_avail(MB/%):1916511/92.7% swap_avail(MB/%):0/100.0%
time(s):3889.7 sum_rss(MB):6373.1 sum_vms(MB):7998.8 numproc:13 numthreads:30 mem_avail(MB/%):1914929/92.6% swap_avail(MB/%):0/100.0%
time(s):3900.1 sum_rss(MB):6515.4 sum_vms(MB):8655.8 numproc:13 numthreads:30 mem_avail(MB/%):1911878/92.4% swap_avail(MB/%):0/100.0%
time(s):3910.6 sum_rss(MB):6496.8 sum_vms(MB):8627.0 numproc:13 numthreads:33 mem_avail(MB/%):1913475/92.5% swap_avail(MB/%):0/100.0%
time(s):3921.0 sum_rss(MB):6392.0 sum_vms(MB):8515.9 numproc:13 numthreads:33 mem_avail(MB/%):1915321/92.6% swap_avail(MB/%):0/100.0%
time(s):3931.5 sum_rss(MB):6386.0 sum_vms(MB):8517.6 numproc:13 numthreads:30 mem_avail(MB/%):1912014/92.5% swap_avail(MB/%):0/100.0%
time(s):3941.9 sum_rss(MB):6503.1 sum_vms(MB):8636.3 numproc:13 numthreads:33 mem_avail(MB/%):1911999/92.5% swap_avail(MB/%):0/100.0%
time(s):3952.3 sum_rss(MB):4831.4 sum_vms(MB):6553.0 numproc:10 numthreads:25 mem_avail(MB/%):1913729/92.5% swap_avail(MB/%):0/100.0%
time(s):3962.8 sum_rss(MB):6387.7 sum_vms(MB):8261.6 numproc:13 numthreads:33 mem_avail(MB/%):1912056/92.5% swap_avail(MB/%):0/100.0%
time(s):3973.2 sum_rss(MB):6364.3 sum_vms(MB):8502.3 numproc:13 numthreads:33 mem_avail(MB/%):1913604/92.5% swap_avail(MB/%):0/100.0%
time(s):3983.6 sum_rss(MB):6506.0 sum_vms(MB):8639.2 numproc:13 numthreads:32 mem_avail(MB/%):1912364/92.5% swap_avail(MB/%):0/100.0%
time(s):3994.1 sum_rss(MB):4843.4 sum_vms(MB):6561.4 numproc:10 numthreads:25 mem_avail(MB/%):1914157/92.6% swap_avail(MB/%):0/100.0%
time(s):4004.4 sum_rss(MB):4956.3 sum_vms(MB):6428.8 numproc:10 numthreads:25 mem_avail(MB/%):1916251/92.7% swap_avail(MB/%):0/100.0%
time(s):4014.9 sum_rss(MB):4969.1 sum_vms(MB):6442.3 numproc:10 numthreads:26 mem_avail(MB/%):1914983/92.6% swap_avail(MB/%):0/100.0%
time(s):4025.3 sum_rss(MB):6081.2 sum_vms(MB):7962.8 numproc:13 numthreads:33 mem_avail(MB/%):1914162/92.6% swap_avail(MB/%):0/100.0%
time(s):4035.7 sum_rss(MB):6373.0 sum_vms(MB):8510.0 numproc:13 numthreads:33 mem_avail(MB/%):1913531/92.5% swap_avail(MB/%):0/100.0%
time(s):4046.0 sum_rss(MB):6359.7 sum_vms(MB):8496.7 numproc:13 numthreads:31 mem_avail(MB/%):1912077/92.5% swap_avail(MB/%):0/100.0%
time(s):4056.5 sum_rss(MB):6148.4 sum_vms(MB):8281.0 numproc:13 numthreads:33 mem_avail(MB/%):1915411/92.6% swap_avail(MB/%):0/100.0%
time(s):4066.9 sum_rss(MB):6371.5 sum_vms(MB):8496.4 numproc:13 numthreads:31 mem_avail(MB/%):1912193/92.5% swap_avail(MB/%):0/100.0%
time(s):4077.3 sum_rss(MB):4814.6 sum_vms(MB):6538.8 numproc:10 numthreads:26 mem_avail(MB/%):1913508/92.5% swap_avail(MB/%):0/100.0%
time(s):4087.7 sum_rss(MB):4363.2 sum_vms(MB):6698.3 numproc:10 numthreads:26 mem_avail(MB/%):1913962/92.6% swap_avail(MB/%):0/100.0%
time(s):4098.1 sum_rss(MB):6369.1 sum_vms(MB):8500.0 numproc:13 numthreads:33 mem_avail(MB/%):1912023/92.5% swap_avail(MB/%):0/100.0%
time(s):4108.5 sum_rss(MB):4962.0 sum_vms(MB):6688.2 numproc:10 numthreads:24 mem_avail(MB/%):1914849/92.6% swap_avail(MB/%):0/100.0%
time(s):4118.9 sum_rss(MB):5828.5 sum_vms(MB):7706.0 numproc:13 numthreads:30 mem_avail(MB/%):1912544/92.5% swap_avail(MB/%):0/100.0%
time(s):4129.3 sum_rss(MB):6375.5 sum_vms(MB):8506.9 numproc:13 numthreads:33 mem_avail(MB/%):1912105/92.5% swap_avail(MB/%):0/100.0%
time(s):4139.8 sum_rss(MB):4809.9 sum_vms(MB):6532.9 numproc:10 numthreads:26 mem_avail(MB/%):1915202/92.6% swap_avail(MB/%):0/100.0%
time(s):4150.2 sum_rss(MB):3863.8 sum_vms(MB):5371.9 numproc:10 numthreads:22 mem_avail(MB/%):1916655/92.7% swap_avail(MB/%):0/100.0%
time(s):4160.7 sum_rss(MB):5691.9 sum_vms(MB):7572.0 numproc:13 numthreads:33 mem_avail(MB/%):1912778/92.5% swap_avail(MB/%):0/100.0%
time(s):4171.1 sum_rss(MB):6353.6 sum_vms(MB):8486.0 numproc:13 numthreads:33 mem_avail(MB/%):1914954/92.6% swap_avail(MB/%):0/100.0%
time(s):4181.5 sum_rss(MB):6252.2 sum_vms(MB):8390.9 numproc:13 numthreads:30 mem_avail(MB/%):1915535/92.6% swap_avail(MB/%):0/100.0%
time(s):4191.9 sum_rss(MB):6371.2 sum_vms(MB):8504.0 numproc:13 numthreads:30 mem_avail(MB/%):1913501/92.5% swap_avail(MB/%):0/100.0%
time(s):4202.3 sum_rss(MB):4830.2 sum_vms(MB):6656.7 numproc:11 numthreads:27 mem_avail(MB/%):1914262/92.6% swap_avail(MB/%):0/100.0%
time(s):4212.7 sum_rss(MB):5345.1 sum_vms(MB):7609.4 numproc:13 numthreads:30 mem_avail(MB/%):1914741/92.6% swap_avail(MB/%):0/100.0%
time(s):4223.1 sum_rss(MB):6656.9 sum_vms(MB):8795.9 numproc:13 numthreads:33 mem_avail(MB/%):1911972/92.5% swap_avail(MB/%):0/100.0%
time(s):4233.5 sum_rss(MB):6366.5 sum_vms(MB):8609.8 numproc:13 numthreads:33 mem_avail(MB/%):1913278/92.5% swap_avail(MB/%):0/100.0%
time(s):4243.9 sum_rss(MB):4858.2 sum_vms(MB):6574.2 numproc:10 numthreads:24 mem_avail(MB/%):1916625/92.7% swap_avail(MB/%):0/100.0%
time(s):4254.3 sum_rss(MB):5844.7 sum_vms(MB):7726.9 numproc:13 numthreads:30 mem_avail(MB/%):1912484/92.5% swap_avail(MB/%):0/100.0%
time(s):4264.6 sum_rss(MB):6376.1 sum_vms(MB):8507.1 numproc:13 numthreads:33 mem_avail(MB/%):1911855/92.4% swap_avail(MB/%):0/100.0%
time(s):4275.0 sum_rss(MB):4862.0 sum_vms(MB):6587.3 numproc:10 numthreads:25 mem_avail(MB/%):1915236/92.6% swap_avail(MB/%):0/100.0%
time(s):4285.3 sum_rss(MB):6617.5 sum_vms(MB):8499.9 numproc:13 numthreads:30 mem_avail(MB/%):1912440/92.5% swap_avail(MB/%):0/100.0%
time(s):4295.7 sum_rss(MB):6523.8 sum_vms(MB):8652.6 numproc:13 numthreads:33 mem_avail(MB/%):1911542/92.4% swap_avail(MB/%):0/100.0%
time(s):4306.0 sum_rss(MB):4818.3 sum_vms(MB):6537.8 numproc:10 numthreads:24 mem_avail(MB/%):1913593/92.5% swap_avail(MB/%):0/100.0%
time(s):4316.4 sum_rss(MB):6179.1 sum_vms(MB):8064.0 numproc:13 numthreads:33 mem_avail(MB/%):1918320/92.8% swap_avail(MB/%):0/100.0%
time(s):4326.9 sum_rss(MB):4827.2 sum_vms(MB):6552.0 numproc:10 numthreads:26 mem_avail(MB/%):1914355/92.6% swap_avail(MB/%):0/100.0%
time(s):4337.2 sum_rss(MB):5670.3 sum_vms(MB):7550.2 numproc:13 numthreads:33 mem_avail(MB/%):1914067/92.6% swap_avail(MB/%):0/100.0%
time(s):4347.7 sum_rss(MB):4825.4 sum_vms(MB):6553.9 numproc:10 numthreads:25 mem_avail(MB/%):1913522/92.5% swap_avail(MB/%):0/100.0%
time(s):4358.1 sum_rss(MB):6089.4 sum_vms(MB):7973.2 numproc:13 numthreads:32 mem_avail(MB/%):1912083/92.5% swap_avail(MB/%):0/100.0%
time(s):4368.5 sum_rss(MB):6518.2 sum_vms(MB):8658.4 numproc:13 numthreads:33 mem_avail(MB/%):1911809/92.4% swap_avail(MB/%):0/100.0%
time(s):4378.8 sum_rss(MB):6359.2 sum_vms(MB):8491.6 numproc:13 numthreads:31 mem_avail(MB/%):1915064/92.6% swap_avail(MB/%):0/100.0%
time(s):4389.2 sum_rss(MB):5729.8 sum_vms(MB):7601.8 numproc:13 numthreads:33 mem_avail(MB/%):1914263/92.6% swap_avail(MB/%):0/100.0%
time(s):4399.6 sum_rss(MB):6401.0 sum_vms(MB):8535.6 numproc:13 numthreads:33 mem_avail(MB/%):1912039/92.5% swap_avail(MB/%):0/100.0%
time(s):4410.0 sum_rss(MB):6505.4 sum_vms(MB):8638.6 numproc:13 numthreads:29 mem_avail(MB/%):1911716/92.4% swap_avail(MB/%):0/100.0%
time(s):4420.3 sum_rss(MB):6408.4 sum_vms(MB):8530.6 numproc:13 numthreads:33 mem_avail(MB/%):1911982/92.5% swap_avail(MB/%):0/100.0%
time(s):4430.7 sum_rss(MB):6516.3 sum_vms(MB):8649.6 numproc:13 numthreads:33 mem_avail(MB/%):1913208/92.5% swap_avail(MB/%):0/100.0%
time(s):4441.1 sum_rss(MB):6310.7 sum_vms(MB):8507.1 numproc:13 numthreads:32 mem_avail(MB/%):1914222/92.6% swap_avail(MB/%):0/100.0%
time(s):4451.5 sum_rss(MB):4867.4 sum_vms(MB):6585.1 numproc:10 numthreads:22 mem_avail(MB/%):1915482/92.6% swap_avail(MB/%):0/100.0%
time(s):4461.8 sum_rss(MB):6001.5 sum_vms(MB):7873.3 numproc:13 numthreads:33 mem_avail(MB/%):1916221/92.7% swap_avail(MB/%):0/100.0%
time(s):4472.2 sum_rss(MB):4849.5 sum_vms(MB):6711.0 numproc:10 numthreads:25 mem_avail(MB/%):1915512/92.6% swap_avail(MB/%):0/100.0%
time(s):4482.6 sum_rss(MB):4960.7 sum_vms(MB):6427.5 numproc:10 numthreads:26 mem_avail(MB/%):1913360/92.5% swap_avail(MB/%):0/100.0%
time(s):4492.9 sum_rss(MB):4166.5 sum_vms(MB):5640.5 numproc:10 numthreads:25 mem_avail(MB/%):1915737/92.6% swap_avail(MB/%):0/100.0%
time(s):4503.4 sum_rss(MB):6366.2 sum_vms(MB):8251.3 numproc:13 numthreads:33 mem_avail(MB/%):1912056/92.5% swap_avail(MB/%):0/100.0%
time(s):4513.7 sum_rss(MB):6398.5 sum_vms(MB):8542.6 numproc:13 numthreads:30 mem_avail(MB/%):1913504/92.5% swap_avail(MB/%):0/100.0%
time(s):4524.1 sum_rss(MB):6350.3 sum_vms(MB):8473.5 numproc:13 numthreads:33 mem_avail(MB/%):1912708/92.5% swap_avail(MB/%):0/100.0%
time(s):4534.5 sum_rss(MB):6503.3 sum_vms(MB):8630.7 numproc:13 numthreads:33 mem_avail(MB/%):1911891/92.5% swap_avail(MB/%):0/100.0%
time(s):4544.9 sum_rss(MB):6352.7 sum_vms(MB):8487.0 numproc:13 numthreads:33 mem_avail(MB/%):1912040/92.5% swap_avail(MB/%):0/100.0%
time(s):4555.3 sum_rss(MB):6465.6 sum_vms(MB):8597.7 numproc:13 numthreads:31 mem_avail(MB/%):1911908/92.5% swap_avail(MB/%):0/100.0%
time(s):4565.7 sum_rss(MB):4840.8 sum_vms(MB):6660.0 numproc:11 numthreads:24 mem_avail(MB/%):1916706/92.7% swap_avail(MB/%):0/100.0%
time(s):4576.2 sum_rss(MB):4839.3 sum_vms(MB):6558.0 numproc:10 numthreads:25 mem_avail(MB/%):1915575/92.6% swap_avail(MB/%):0/100.0%
time(s):4586.6 sum_rss(MB):5956.6 sum_vms(MB):7838.4 numproc:13 numthreads:31 mem_avail(MB/%):1914191/92.6% swap_avail(MB/%):0/100.0%
time(s):4597.0 sum_rss(MB):5942.9 sum_vms(MB):8070.4 numproc:13 numthreads:31 mem_avail(MB/%):1916149/92.7% swap_avail(MB/%):0/100.0%
time(s):4607.4 sum_rss(MB):3309.6 sum_vms(MB):4619.7 numproc:7 numthreads:19 mem_avail(MB/%):1917378/92.7% swap_avail(MB/%):0/100.0%
time(s):4617.8 sum_rss(MB):6053.0 sum_vms(MB):8206.6 numproc:13 numthreads:31 mem_avail(MB/%):1911902/92.5% swap_avail(MB/%):0/100.0%
time(s):4628.2 sum_rss(MB):5821.1 sum_vms(MB):7948.5 numproc:13 numthreads:33 mem_avail(MB/%):1912652/92.5% swap_avail(MB/%):0/100.0%
time(s):4638.7 sum_rss(MB):4500.8 sum_vms(MB):6224.3 numproc:10 numthreads:24 mem_avail(MB/%):1913949/92.5% swap_avail(MB/%):0/100.0%
time(s):4649.1 sum_rss(MB):6266.4 sum_vms(MB):8148.9 numproc:13 numthreads:33 mem_avail(MB/%):1912023/92.5% swap_avail(MB/%):0/100.0%
time(s):4659.5 sum_rss(MB):6264.2 sum_vms(MB):8398.8 numproc:13 numthreads:33 mem_avail(MB/%):1911916/92.5% swap_avail(MB/%):0/100.0%
time(s):4670.0 sum_rss(MB):6185.3 sum_vms(MB):8313.1 numproc:13 numthreads:33 mem_avail(MB/%):1913705/92.5% swap_avail(MB/%):0/100.0%
time(s):4680.5 sum_rss(MB):6077.0 sum_vms(MB):8206.6 numproc:13 numthreads:33 mem_avail(MB/%):1913114/92.5% swap_avail(MB/%):0/100.0%
time(s):4691.0 sum_rss(MB):6083.2 sum_vms(MB):8208.4 numproc:13 numthreads:32 mem_avail(MB/%):1914325/92.6% swap_avail(MB/%):0/100.0%
time(s):4701.4 sum_rss(MB):6048.9 sum_vms(MB):8173.4 numproc:13 numthreads:33 mem_avail(MB/%):1916872/92.7% swap_avail(MB/%):0/100.0%
time(s):4711.8 sum_rss(MB):3446.8 sum_vms(MB):4766.8 numproc:7 numthreads:19 mem_avail(MB/%):1918844/92.8% swap_avail(MB/%):0/100.0%
time(s):4722.2 sum_rss(MB):5784.1 sum_vms(MB):7408.0 numproc:13 numthreads:33 mem_avail(MB/%):1912336/92.5% swap_avail(MB/%):0/100.0%
time(s):4732.6 sum_rss(MB):4878.0 sum_vms(MB):6607.4 numproc:10 numthreads:25 mem_avail(MB/%):1913344/92.5% swap_avail(MB/%):0/100.0%
time(s):4743.0 sum_rss(MB):6540.2 sum_vms(MB):8427.4 numproc:13 numthreads:30 mem_avail(MB/%):1911756/92.4% swap_avail(MB/%):0/100.0%
time(s):4753.4 sum_rss(MB):6575.7 sum_vms(MB):8710.0 numproc:13 numthreads:33 mem_avail(MB/%):1911700/92.4% swap_avail(MB/%):0/100.0%
time(s):4763.8 sum_rss(MB):6435.5 sum_vms(MB):8561.1 numproc:13 numthreads:33 mem_avail(MB/%):1913472/92.5% swap_avail(MB/%):0/100.0%
time(s):4774.2 sum_rss(MB):4884.9 sum_vms(MB):6604.6 numproc:10 numthreads:26 mem_avail(MB/%):1914029/92.6% swap_avail(MB/%):0/100.0%
time(s):4784.6 sum_rss(MB):6130.4 sum_vms(MB):8009.6 numproc:13 numthreads:33 mem_avail(MB/%):1912637/92.5% swap_avail(MB/%):0/100.0%
time(s):4795.0 sum_rss(MB):6416.6 sum_vms(MB):8679.7 numproc:13 numthreads:32 mem_avail(MB/%):1913621/92.5% swap_avail(MB/%):0/100.0%
time(s):4805.3 sum_rss(MB):6398.6 sum_vms(MB):8526.9 numproc:13 numthreads:33 mem_avail(MB/%):1911637/92.4% swap_avail(MB/%):0/100.0%
time(s):4815.8 sum_rss(MB):5996.4 sum_vms(MB):8123.0 numproc:13 numthreads:32 mem_avail(MB/%):1912252/92.5% swap_avail(MB/%):0/100.0%
time(s):4826.1 sum_rss(MB):4885.6 sum_vms(MB):6603.7 numproc:10 numthreads:26 mem_avail(MB/%):1916946/92.7% swap_avail(MB/%):0/100.0%
time(s):4836.5 sum_rss(MB):6113.4 sum_vms(MB):7992.8 numproc:13 numthreads:33 mem_avail(MB/%):1912961/92.5% swap_avail(MB/%):0/100.0%
time(s):4846.9 sum_rss(MB):6375.3 sum_vms(MB):8655.0 numproc:13 numthreads:33 mem_avail(MB/%):1916470/92.7% swap_avail(MB/%):0/100.0%
time(s):4857.3 sum_rss(MB):6347.3 sum_vms(MB):8547.9 numproc:13 numthreads:33 mem_avail(MB/%):1911992/92.5% swap_avail(MB/%):0/100.0%
time(s):4867.7 sum_rss(MB):4840.6 sum_vms(MB):6566.5 numproc:10 numthreads:25 mem_avail(MB/%):1914959/92.6% swap_avail(MB/%):0/100.0%
time(s):4878.1 sum_rss(MB):6531.8 sum_vms(MB):8405.6 numproc:13 numthreads:33 mem_avail(MB/%):1911580/92.4% swap_avail(MB/%):0/100.0%
time(s):4888.5 sum_rss(MB):4870.3 sum_vms(MB):6598.8 numproc:10 numthreads:23 mem_avail(MB/%):1913479/92.5% swap_avail(MB/%):0/100.0%
time(s):4898.9 sum_rss(MB):6508.2 sum_vms(MB):8390.4 numproc:13 numthreads:33 mem_avail(MB/%):1911778/92.4% swap_avail(MB/%):0/100.0%
time(s):4909.3 sum_rss(MB):6431.5 sum_vms(MB):8560.6 numproc:13 numthreads:33 mem_avail(MB/%):1913371/92.5% swap_avail(MB/%):0/100.0%
time(s):4919.6 sum_rss(MB):4874.5 sum_vms(MB):6601.7 numproc:10 numthreads:26 mem_avail(MB/%):1915653/92.6% swap_avail(MB/%):0/100.0%
time(s):4930.0 sum_rss(MB):6428.9 sum_vms(MB):8560.3 numproc:13 numthreads:32 mem_avail(MB/%):1911899/92.5% swap_avail(MB/%):0/100.0%
time(s):4940.4 sum_rss(MB):6563.4 sum_vms(MB):8690.1 numproc:13 numthreads:33 mem_avail(MB/%):1913525/92.5% swap_avail(MB/%):0/100.0%
time(s):4950.8 sum_rss(MB):6526.4 sum_vms(MB):8654.9 numproc:13 numthreads:30 mem_avail(MB/%):1911595/92.4% swap_avail(MB/%):0/100.0%
time(s):4961.2 sum_rss(MB):4898.1 sum_vms(MB):6719.2 numproc:11 numthreads:27 mem_avail(MB/%):1913367/92.5% swap_avail(MB/%):0/100.0%
time(s):4971.6 sum_rss(MB):4755.1 sum_vms(MB):6486.2 numproc:10 numthreads:25 mem_avail(MB/%):1916711/92.7% swap_avail(MB/%):0/100.0%
time(s):4981.9 sum_rss(MB):6418.2 sum_vms(MB):8546.1 numproc:13 numthreads:33 mem_avail(MB/%):1915131/92.6% swap_avail(MB/%):0/100.0%
time(s):4992.3 sum_rss(MB):6024.4 sum_vms(MB):8153.0 numproc:13 numthreads:30 mem_avail(MB/%):1913239/92.5% swap_avail(MB/%):0/100.0%
time(s):5002.7 sum_rss(MB):6118.1 sum_vms(MB):8248.0 numproc:13 numthreads:33 mem_avail(MB/%):1913904/92.5% swap_avail(MB/%):0/100.0%
time(s):5013.1 sum_rss(MB):3285.5 sum_vms(MB):4596.7 numproc:7 numthreads:17 mem_avail(MB/%):1916713/92.7% swap_avail(MB/%):0/100.0%
time(s):5023.5 sum_rss(MB):6499.4 sum_vms(MB):8639.9 numproc:13 numthreads:33 mem_avail(MB/%):1912241/92.5% swap_avail(MB/%):0/100.0%
time(s):5033.9 sum_rss(MB):6765.8 sum_vms(MB):8903.7 numproc:13 numthreads:33 mem_avail(MB/%):1914989/92.6% swap_avail(MB/%):0/100.0%
time(s):5044.2 sum_rss(MB):6330.5 sum_vms(MB):8454.1 numproc:13 numthreads:33 mem_avail(MB/%):1912659/92.5% swap_avail(MB/%):0/100.0%
time(s):5054.6 sum_rss(MB):4822.5 sum_vms(MB):6545.6 numproc:10 numthreads:25 mem_avail(MB/%):1913606/92.5% swap_avail(MB/%):0/100.0%
time(s):5065.0 sum_rss(MB):5948.2 sum_vms(MB):8271.3 numproc:13 numthreads:31 mem_avail(MB/%):1913989/92.6% swap_avail(MB/%):0/100.0%
time(s):5075.4 sum_rss(MB):6381.6 sum_vms(MB):8512.7 numproc:13 numthreads:33 mem_avail(MB/%):1911948/92.5% swap_avail(MB/%):0/100.0%
time(s):5085.8 sum_rss(MB):6371.8 sum_vms(MB):8501.6 numproc:13 numthreads:33 mem_avail(MB/%):1911927/92.5% swap_avail(MB/%):0/100.0%
time(s):5096.2 sum_rss(MB):4821.4 sum_vms(MB):6544.9 numproc:10 numthreads:26 mem_avail(MB/%):1915136/92.6% swap_avail(MB/%):0/100.0%
time(s):5106.5 sum_rss(MB):6213.2 sum_vms(MB):8091.7 numproc:13 numthreads:29 mem_avail(MB/%):1912734/92.5% swap_avail(MB/%):0/100.0%
time(s):5116.9 sum_rss(MB):6500.1 sum_vms(MB):8638.7 numproc:13 numthreads:33 mem_avail(MB/%):1911779/92.4% swap_avail(MB/%):0/100.0%
time(s):5127.4 sum_rss(MB):6360.1 sum_vms(MB):8487.8 numproc:13 numthreads:33 mem_avail(MB/%):1916663/92.7% swap_avail(MB/%):0/100.0%
time(s):5137.7 sum_rss(MB):3323.8 sum_vms(MB):4638.6 numproc:7 numthreads:19 mem_avail(MB/%):1917095/92.7% swap_avail(MB/%):0/100.0%
time(s):5148.1 sum_rss(MB):4580.2 sum_vms(MB):6046.1 numproc:10 numthreads:25 mem_avail(MB/%):1915224/92.6% swap_avail(MB/%):0/100.0%
time(s):5158.5 sum_rss(MB):6413.4 sum_vms(MB):8299.0 numproc:13 numthreads:33 mem_avail(MB/%):1911706/92.4% swap_avail(MB/%):0/100.0%
time(s):5168.8 sum_rss(MB):6532.9 sum_vms(MB):8666.5 numproc:13 numthreads:30 mem_avail(MB/%):1911567/92.4% swap_avail(MB/%):0/100.0%
time(s):5179.3 sum_rss(MB):5982.3 sum_vms(MB):8108.7 numproc:13 numthreads:33 mem_avail(MB/%):1913841/92.5% swap_avail(MB/%):0/100.0%
time(s):5189.7 sum_rss(MB):4863.1 sum_vms(MB):6587.4 numproc:10 numthreads:26 mem_avail(MB/%):1913419/92.5% swap_avail(MB/%):0/100.0%
time(s):5200.1 sum_rss(MB):6234.0 sum_vms(MB):8110.6 numproc:13 numthreads:33 mem_avail(MB/%):1913392/92.5% swap_avail(MB/%):0/100.0%
time(s):5210.4 sum_rss(MB):6402.8 sum_vms(MB):8534.7 numproc:13 numthreads:33 mem_avail(MB/%):1911999/92.5% swap_avail(MB/%):0/100.0%
time(s):5220.8 sum_rss(MB):6471.4 sum_vms(MB):8639.0 numproc:13 numthreads:33 mem_avail(MB/%):1911833/92.4% swap_avail(MB/%):0/100.0%
time(s):5231.1 sum_rss(MB):6530.3 sum_vms(MB):8654.8 numproc:13 numthreads:33 mem_avail(MB/%):1913408/92.5% swap_avail(MB/%):0/100.0%
time(s):5241.5 sum_rss(MB):4598.0 sum_vms(MB):6320.8 numproc:10 numthreads:25 mem_avail(MB/%):1914541/92.6% swap_avail(MB/%):0/100.0%
time(s):5252.0 sum_rss(MB):6535.8 sum_vms(MB):8414.2 numproc:13 numthreads:33 mem_avail(MB/%):1911772/92.4% swap_avail(MB/%):0/100.0%
time(s):5262.3 sum_rss(MB):6411.1 sum_vms(MB):8547.9 numproc:13 numthreads:32 mem_avail(MB/%):1913819/92.5% swap_avail(MB/%):0/100.0%
time(s):5272.7 sum_rss(MB):6396.8 sum_vms(MB):8512.5 numproc:13 numthreads:29 mem_avail(MB/%):1913992/92.6% swap_avail(MB/%):0/100.0%
time(s):5283.0 sum_rss(MB):4984.7 sum_vms(MB):6711.4 numproc:10 numthreads:24 mem_avail(MB/%):1916964/92.7% swap_avail(MB/%):0/100.0%
time(s):5293.4 sum_rss(MB):4850.0 sum_vms(MB):6676.9 numproc:11 numthreads:27 mem_avail(MB/%):1915726/92.6% swap_avail(MB/%):0/100.0%
time(s):5303.7 sum_rss(MB):3413.8 sum_vms(MB):4729.7 numproc:7 numthreads:17 mem_avail(MB/%):1916402/92.7% swap_avail(MB/%):0/100.0%
time(s):5314.1 sum_rss(MB):6534.9 sum_vms(MB):8419.4 numproc:13 numthreads:33 mem_avail(MB/%):1911796/92.4% swap_avail(MB/%):0/100.0%
time(s):5324.4 sum_rss(MB):6545.3 sum_vms(MB):8682.8 numproc:13 numthreads:33 mem_avail(MB/%):1911591/92.4% swap_avail(MB/%):0/100.0%
time(s):5334.7 sum_rss(MB):6363.1 sum_vms(MB):8498.7 numproc:13 numthreads:33 mem_avail(MB/%):1911951/92.5% swap_avail(MB/%):0/100.0%
time(s):5345.1 sum_rss(MB):6519.8 sum_vms(MB):8649.5 numproc:13 numthreads:28 mem_avail(MB/%):1913322/92.5% swap_avail(MB/%):0/100.0%
time(s):5355.4 sum_rss(MB):6212.9 sum_vms(MB):8547.7 numproc:13 numthreads:33 mem_avail(MB/%):1912330/92.5% swap_avail(MB/%):0/100.0%
time(s):5365.7 sum_rss(MB):6485.0 sum_vms(MB):8620.7 numproc:13 numthreads:33 mem_avail(MB/%):1914832/92.6% swap_avail(MB/%):0/100.0%
time(s):5376.1 sum_rss(MB):4869.1 sum_vms(MB):6693.5 numproc:11 numthreads:27 mem_avail(MB/%):1916577/92.7% swap_avail(MB/%):0/100.0%
time(s):5386.4 sum_rss(MB):5163.2 sum_vms(MB):7636.6 numproc:13 numthreads:33 mem_avail(MB/%):1913437/92.5% swap_avail(MB/%):0/100.0%
time(s):5396.8 sum_rss(MB):6574.4 sum_vms(MB):8712.7 numproc:13 numthreads:33 mem_avail(MB/%):1911838/92.4% swap_avail(MB/%):0/100.0%
time(s):5407.1 sum_rss(MB):6552.1 sum_vms(MB):8681.7 numproc:13 numthreads:33 mem_avail(MB/%):1915177/92.6% swap_avail(MB/%):0/100.0%
time(s):5417.5 sum_rss(MB):4964.8 sum_vms(MB):6684.9 numproc:10 numthreads:26 mem_avail(MB/%):1916186/92.7% swap_avail(MB/%):0/100.0%
time(s):5427.9 sum_rss(MB):4189.2 sum_vms(MB):5657.4 numproc:10 numthreads:26 mem_avail(MB/%):1914468/92.6% swap_avail(MB/%):0/100.0%
time(s):5438.2 sum_rss(MB):6656.8 sum_vms(MB):8547.0 numproc:13 numthreads:30 mem_avail(MB/%):1913466/92.5% swap_avail(MB/%):0/100.0%
time(s):5448.6 sum_rss(MB):6501.0 sum_vms(MB):8636.7 numproc:13 numthreads:33 mem_avail(MB/%):1912919/92.5% swap_avail(MB/%):0/100.0%
time(s):5459.0 sum_rss(MB):4780.0 sum_vms(MB):6496.9 numproc:10 numthreads:25 mem_avail(MB/%):1915842/92.6% swap_avail(MB/%):0/100.0%
time(s):5469.4 sum_rss(MB):6407.0 sum_vms(MB):8509.6 numproc:13 numthreads:32 mem_avail(MB/%):1911821/92.4% swap_avail(MB/%):0/100.0%
time(s):5479.8 sum_rss(MB):6499.6 sum_vms(MB):8633.7 numproc:13 numthreads:33 mem_avail(MB/%):1912171/92.5% swap_avail(MB/%):0/100.0%
time(s):5490.2 sum_rss(MB):6355.3 sum_vms(MB):8487.8 numproc:13 numthreads:33 mem_avail(MB/%):1913922/92.5% swap_avail(MB/%):0/100.0%
time(s):5500.6 sum_rss(MB):6554.4 sum_vms(MB):8682.1 numproc:13 numthreads:30 mem_avail(MB/%):1913053/92.5% swap_avail(MB/%):0/100.0%
time(s):5511.0 sum_rss(MB):6511.9 sum_vms(MB):8643.6 numproc:13 numthreads:33 mem_avail(MB/%):1911956/92.5% swap_avail(MB/%):0/100.0%
time(s):5521.5 sum_rss(MB):4982.6 sum_vms(MB):6706.8 numproc:10 numthreads:25 mem_avail(MB/%):1914765/92.6% swap_avail(MB/%):0/100.0%
time(s):5531.8 sum_rss(MB):6263.4 sum_vms(MB):8375.0 numproc:13 numthreads:33 mem_avail(MB/%):1914818/92.6% swap_avail(MB/%):0/100.0%
time(s):5542.2 sum_rss(MB):4859.2 sum_vms(MB):6585.6 numproc:10 numthreads:25 mem_avail(MB/%):1915048/92.6% swap_avail(MB/%):0/100.0%
time(s):5552.7 sum_rss(MB):4743.4 sum_vms(MB):6215.6 numproc:10 numthreads:26 mem_avail(MB/%):1913700/92.5% swap_avail(MB/%):0/100.0%
time(s):5563.1 sum_rss(MB):5726.8 sum_vms(MB):7603.9 numproc:13 numthreads:33 mem_avail(MB/%):1912721/92.5% swap_avail(MB/%):0/100.0%
time(s):5573.6 sum_rss(MB):6421.8 sum_vms(MB):8552.0 numproc:13 numthreads:32 mem_avail(MB/%):1914461/92.6% swap_avail(MB/%):0/100.0%
time(s):5584.0 sum_rss(MB):6186.7 sum_vms(MB):8325.0 numproc:13 numthreads:33 mem_avail(MB/%):1912159/92.5% swap_avail(MB/%):0/100.0%
time(s):5594.5 sum_rss(MB):6525.4 sum_vms(MB):8652.5 numproc:13 numthreads:33 mem_avail(MB/%):1913072/92.5% swap_avail(MB/%):0/100.0%
time(s):5604.8 sum_rss(MB):6428.8 sum_vms(MB):8554.3 numproc:13 numthreads:33 mem_avail(MB/%):1912826/92.5% swap_avail(MB/%):0/100.0%
time(s):5615.2 sum_rss(MB):4622.5 sum_vms(MB):6348.1 numproc:10 numthreads:25 mem_avail(MB/%):1915092/92.6% swap_avail(MB/%):0/100.0%
time(s):5625.6 sum_rss(MB):6521.9 sum_vms(MB):8393.9 numproc:13 numthreads:33 mem_avail(MB/%):1912522/92.5% swap_avail(MB/%):0/100.0%
time(s):5636.0 sum_rss(MB):6400.7 sum_vms(MB):8528.9 numproc:13 numthreads:33 mem_avail(MB/%):1913479/92.5% swap_avail(MB/%):0/100.0%
time(s):5646.4 sum_rss(MB):6538.4 sum_vms(MB):8670.4 numproc:13 numthreads:33 mem_avail(MB/%):1914717/92.6% swap_avail(MB/%):0/100.0%
time(s):5656.8 sum_rss(MB):6491.1 sum_vms(MB):8620.8 numproc:13 numthreads:32 mem_avail(MB/%):1912190/92.5% swap_avail(MB/%):0/100.0%
time(s):5667.2 sum_rss(MB):6531.8 sum_vms(MB):8658.6 numproc:13 numthreads:33 mem_avail(MB/%):1911951/92.5% swap_avail(MB/%):0/100.0%
time(s):5677.6 sum_rss(MB):3421.7 sum_vms(MB):4737.4 numproc:7 numthreads:16 mem_avail(MB/%):1916429/92.7% swap_avail(MB/%):0/100.0%
time(s):5687.9 sum_rss(MB):5763.4 sum_vms(MB):7385.3 numproc:13 numthreads:33 mem_avail(MB/%):1912935/92.5% swap_avail(MB/%):0/100.0%
time(s):5698.2 sum_rss(MB):4877.8 sum_vms(MB):6608.2 numproc:10 numthreads:25 mem_avail(MB/%):1913456/92.5% swap_avail(MB/%):0/100.0%
time(s):5708.5 sum_rss(MB):6264.4 sum_vms(MB):8151.3 numproc:13 numthreads:33 mem_avail(MB/%):1913605/92.5% swap_avail(MB/%):0/100.0%
time(s):5718.8 sum_rss(MB):5751.7 sum_vms(MB):7905.9 numproc:13 numthreads:28 mem_avail(MB/%):1914500/92.6% swap_avail(MB/%):0/100.0%
time(s):5729.1 sum_rss(MB):6411.7 sum_vms(MB):8545.0 numproc:13 numthreads:33 mem_avail(MB/%):1913362/92.5% swap_avail(MB/%):0/100.0%
time(s):5739.4 sum_rss(MB):4886.3 sum_vms(MB):6605.5 numproc:10 numthreads:25 mem_avail(MB/%):1913249/92.5% swap_avail(MB/%):0/100.0%
time(s):5749.8 sum_rss(MB):5985.9 sum_vms(MB):7868.4 numproc:13 numthreads:31 mem_avail(MB/%):1913774/92.5% swap_avail(MB/%):0/100.0%
time(s):5760.1 sum_rss(MB):5725.9 sum_vms(MB):7887.6 numproc:13 numthreads:29 mem_avail(MB/%):1912137/92.5% swap_avail(MB/%):0/100.0%
time(s):5770.4 sum_rss(MB):6404.1 sum_vms(MB):8529.8 numproc:13 numthreads:33 mem_avail(MB/%):1913151/92.5% swap_avail(MB/%):0/100.0%
time(s):5780.8 sum_rss(MB):6647.1 sum_vms(MB):8789.4 numproc:13 numthreads:33 mem_avail(MB/%):1914691/92.6% swap_avail(MB/%):0/100.0%
time(s):5791.1 sum_rss(MB):6410.7 sum_vms(MB):8536.1 numproc:13 numthreads:32 mem_avail(MB/%):1912680/92.5% swap_avail(MB/%):0/100.0%
time(s):5801.5 sum_rss(MB):6416.5 sum_vms(MB):8541.1 numproc:13 numthreads:33 mem_avail(MB/%):1913374/92.5% swap_avail(MB/%):0/100.0%
time(s):5811.8 sum_rss(MB):5008.2 sum_vms(MB):6734.9 numproc:10 numthreads:26 mem_avail(MB/%):1913548/92.5% swap_avail(MB/%):0/100.0%
time(s):5822.2 sum_rss(MB):6536.3 sum_vms(MB):8410.3 numproc:13 numthreads:30 mem_avail(MB/%):1911600/92.4% swap_avail(MB/%):0/100.0%
time(s):5832.5 sum_rss(MB):3291.5 sum_vms(MB):4609.9 numproc:7 numthreads:18 mem_avail(MB/%):1915445/92.6% swap_avail(MB/%):0/100.0%
time(s):5842.8 sum_rss(MB):5451.2 sum_vms(MB):7334.1 numproc:13 numthreads:33 mem_avail(MB/%):1915688/92.6% swap_avail(MB/%):0/100.0%
time(s):5853.1 sum_rss(MB):6156.1 sum_vms(MB):8297.2 numproc:13 numthreads:33 mem_avail(MB/%):1912166/92.5% swap_avail(MB/%):0/100.0%
time(s):5863.4 sum_rss(MB):6519.6 sum_vms(MB):8649.1 numproc:13 numthreads:33 mem_avail(MB/%):1911799/92.4% swap_avail(MB/%):0/100.0%
time(s):5873.7 sum_rss(MB):4930.9 sum_vms(MB):6652.8 numproc:10 numthreads:26 mem_avail(MB/%):1913818/92.5% swap_avail(MB/%):0/100.0%
time(s):5884.0 sum_rss(MB):5717.6 sum_vms(MB):7597.5 numproc:13 numthreads:31 mem_avail(MB/%):1917781/92.7% swap_avail(MB/%):0/100.0%
time(s):5894.3 sum_rss(MB):6565.8 sum_vms(MB):8701.2 numproc:13 numthreads:33 mem_avail(MB/%):1914522/92.6% swap_avail(MB/%):0/100.0%
time(s):5904.6 sum_rss(MB):6213.0 sum_vms(MB):8655.3 numproc:13 numthreads:33 mem_avail(MB/%):1913080/92.5% swap_avail(MB/%):0/100.0%
time(s):5915.0 sum_rss(MB):6437.7 sum_vms(MB):8565.7 numproc:13 numthreads:33 mem_avail(MB/%):1911511/92.4% swap_avail(MB/%):0/100.0%
time(s):5925.3 sum_rss(MB):6528.0 sum_vms(MB):8660.9 numproc:13 numthreads:33 mem_avail(MB/%):1911844/92.4% swap_avail(MB/%):0/100.0%
time(s):5935.6 sum_rss(MB):6400.4 sum_vms(MB):8523.9 numproc:13 numthreads:33 mem_avail(MB/%):1913363/92.5% swap_avail(MB/%):0/100.0%
time(s):5946.0 sum_rss(MB):4887.5 sum_vms(MB):6610.7 numproc:10 numthreads:26 mem_avail(MB/%):1913917/92.5% swap_avail(MB/%):0/100.0%
time(s):5956.3 sum_rss(MB):5909.3 sum_vms(MB):8144.1 numproc:13 numthreads:32 mem_avail(MB/%):1912384/92.5% swap_avail(MB/%):0/100.0%
time(s):5966.7 sum_rss(MB):6439.2 sum_vms(MB):8568.5 numproc:13 numthreads:33 mem_avail(MB/%):1912375/92.5% swap_avail(MB/%):0/100.0%
time(s):5977.1 sum_rss(MB):3308.0 sum_vms(MB):4659.4 numproc:7 numthreads:19 mem_avail(MB/%):1916393/92.7% swap_avail(MB/%):0/100.0%
time(s):5987.3 sum_rss(MB):6245.9 sum_vms(MB):7871.1 numproc:13 numthreads:33 mem_avail(MB/%):1913360/92.5% swap_avail(MB/%):0/100.0%
time(s):5997.7 sum_rss(MB):6182.0 sum_vms(MB):8323.3 numproc:13 numthreads:33 mem_avail(MB/%):1912187/92.5% swap_avail(MB/%):0/100.0%
time(s):6008.0 sum_rss(MB):6564.1 sum_vms(MB):8693.2 numproc:13 numthreads:32 mem_avail(MB/%):1916598/92.7% swap_avail(MB/%):0/100.0%
time(s):6018.5 sum_rss(MB):6431.4 sum_vms(MB):8564.4 numproc:13 numthreads:33 mem_avail(MB/%):1913334/92.5% swap_avail(MB/%):0/100.0%
time(s):6028.9 sum_rss(MB):6462.0 sum_vms(MB):8591.3 numproc:13 numthreads:33 mem_avail(MB/%):1912629/92.5% swap_avail(MB/%):0/100.0%
time(s):6039.3 sum_rss(MB):4903.8 sum_vms(MB):6624.2 numproc:10 numthreads:24 mem_avail(MB/%):1915079/92.6% swap_avail(MB/%):0/100.0%
time(s):6049.8 sum_rss(MB):6404.8 sum_vms(MB):8279.8 numproc:13 numthreads:33 mem_avail(MB/%):1913725/92.5% swap_avail(MB/%):0/100.0%
time(s):6060.1 sum_rss(MB):6795.6 sum_vms(MB):8938.7 numproc:13 numthreads:33 mem_avail(MB/%):1912572/92.5% swap_avail(MB/%):0/100.0%
time(s):6070.5 sum_rss(MB):6424.0 sum_vms(MB):8549.8 numproc:13 numthreads:30 mem_avail(MB/%):1912217/92.5% swap_avail(MB/%):0/100.0%
time(s):6080.9 sum_rss(MB):6403.8 sum_vms(MB):8534.8 numproc:13 numthreads:33 mem_avail(MB/%):1912209/92.5% swap_avail(MB/%):0/100.0%
time(s):6091.3 sum_rss(MB):6395.3 sum_vms(MB):8527.5 numproc:13 numthreads:32 mem_avail(MB/%):1911666/92.4% swap_avail(MB/%):0/100.0%
time(s):6101.6 sum_rss(MB):4863.7 sum_vms(MB):6581.2 numproc:10 numthreads:25 mem_avail(MB/%):1914012/92.6% swap_avail(MB/%):0/100.0%
time(s):6112.0 sum_rss(MB):5077.7 sum_vms(MB):6553.6 numproc:10 numthreads:26 mem_avail(MB/%):1916896/92.7% swap_avail(MB/%):0/100.0%
time(s):6122.4 sum_rss(MB):6503.2 sum_vms(MB):8643.5 numproc:13 numthreads:33 mem_avail(MB/%):1915250/92.6% swap_avail(MB/%):0/100.0%
time(s):6132.8 sum_rss(MB):4783.6 sum_vms(MB):6507.7 numproc:10 numthreads:24 mem_avail(MB/%):1913236/92.5% swap_avail(MB/%):0/100.0%
time(s):6143.1 sum_rss(MB):6609.4 sum_vms(MB):8487.7 numproc:13 numthreads:31 mem_avail(MB/%):1913105/92.5% swap_avail(MB/%):0/100.0%
time(s):6153.5 sum_rss(MB):4824.2 sum_vms(MB):6553.3 numproc:10 numthreads:25 mem_avail(MB/%):1913823/92.5% swap_avail(MB/%):0/100.0%
time(s):6163.9 sum_rss(MB):6527.4 sum_vms(MB):8409.9 numproc:13 numthreads:33 mem_avail(MB/%):1914071/92.6% swap_avail(MB/%):0/100.0%
time(s):6174.3 sum_rss(MB):6400.6 sum_vms(MB):8529.9 numproc:13 numthreads:33 mem_avail(MB/%):1913354/92.5% swap_avail(MB/%):0/100.0%
time(s):6184.6 sum_rss(MB):6377.0 sum_vms(MB):8501.8 numproc:13 numthreads:33 mem_avail(MB/%):1913295/92.5% swap_avail(MB/%):0/100.0%
time(s):6195.0 sum_rss(MB):4974.8 sum_vms(MB):6699.5 numproc:10 numthreads:25 mem_avail(MB/%):1913222/92.5% swap_avail(MB/%):0/100.0%
time(s):6205.5 sum_rss(MB):6108.7 sum_vms(MB):7982.1 numproc:13 numthreads:33 mem_avail(MB/%):1912160/92.5% swap_avail(MB/%):0/100.0%
time(s):6215.8 sum_rss(MB):5009.9 sum_vms(MB):6743.1 numproc:10 numthreads:26 mem_avail(MB/%):1913102/92.5% swap_avail(MB/%):0/100.0%
time(s):6226.1 sum_rss(MB):6130.8 sum_vms(MB):8009.6 numproc:13 numthreads:33 mem_avail(MB/%):1913346/92.5% swap_avail(MB/%):0/100.0%
time(s):6236.5 sum_rss(MB):6463.9 sum_vms(MB):8598.4 numproc:13 numthreads:31 mem_avail(MB/%):1913068/92.5% swap_avail(MB/%):0/100.0%
time(s):6246.8 sum_rss(MB):6588.2 sum_vms(MB):8721.5 numproc:13 numthreads:30 mem_avail(MB/%):1913050/92.5% swap_avail(MB/%):0/100.0%
time(s):6257.2 sum_rss(MB):6448.8 sum_vms(MB):8574.0 numproc:13 numthreads:33 mem_avail(MB/%):1914149/92.6% swap_avail(MB/%):0/100.0%
time(s):6267.5 sum_rss(MB):6443.4 sum_vms(MB):8575.5 numproc:13 numthreads:29 mem_avail(MB/%):1911660/92.4% swap_avail(MB/%):0/100.0%
time(s):6277.9 sum_rss(MB):6473.1 sum_vms(MB):8594.8 numproc:13 numthreads:33 mem_avail(MB/%):1915061/92.6% swap_avail(MB/%):0/100.0%
time(s):6288.2 sum_rss(MB):4987.8 sum_vms(MB):6711.4 numproc:10 numthreads:25 mem_avail(MB/%):1913850/92.5% swap_avail(MB/%):0/100.0%
time(s):6298.6 sum_rss(MB):6684.3 sum_vms(MB):8558.5 numproc:13 numthreads:33 mem_avail(MB/%):1911904/92.5% swap_avail(MB/%):0/100.0%
time(s):6308.9 sum_rss(MB):4919.9 sum_vms(MB):6644.7 numproc:10 numthreads:26 mem_avail(MB/%):1913045/92.5% swap_avail(MB/%):0/100.0%
